Provided cluster nodes: 100
Provided resources: mem_mb=720000
Job counts:
	count	jobs
	1	all
	2	calc_gem_mappability
	2	calculate_uniq_mappable
	1	create_summary
	3	gem_2_wig
	7	wig_2_bw
	16

rule gem_2_wig:
    input: EColi_str_bw25113_gem_index.gem, EColi_str_bw25113_gem_index_40.mappability
    output: wigs/EColi_str_bw25113_gem_index_40.wig
    jobid: 27
    wildcards: prefix=EColi_str_bw25113_gem_index, kmer=40

gem-2-wig -I EColi_str_bw25113_gem_index.gem -i EColi_str_bw25113_gem_index_40.mappability -o wigs/EColi_str_bw25113_gem_index_40
Submitted job 27 with external jobid '24967689.hpc-pbs1.hpcc.usc.edu'.

rule wig_2_bw:
    input: wigs/EColi_str_bw25113_gem_index_35.wig
    output: bigWigs/EColi_str_bw25113_gem_index_35.bw
    jobid: 3
    wildcards: prefix=EColi_str_bw25113_gem_index, kmer=35

wigToBigWig wigs/EColi_str_bw25113_gem_index_35.wig /home/cmb-panasas2/skchoudh/genomes/EColi_str_bw25113/fasta/Escherichia_coli_bw25113.ASM75055v1.dna.chromosome.Chromosome.sizes bigWigs/EColi_str_bw25113_gem_index_35.bw
Submitted job 3 with external jobid '24967690.hpc-pbs1.hpcc.usc.edu'.

rule wig_2_bw:
    input: wigs/EColi_str_bw25113_gem_index_25.wig
    output: bigWigs/EColi_str_bw25113_gem_index_25.bw
    jobid: 15
    wildcards: prefix=EColi_str_bw25113_gem_index, kmer=25

wigToBigWig wigs/EColi_str_bw25113_gem_index_25.wig /home/cmb-panasas2/skchoudh/genomes/EColi_str_bw25113/fasta/Escherichia_coli_bw25113.ASM75055v1.dna.chromosome.Chromosome.sizes bigWigs/EColi_str_bw25113_gem_index_25.bw
Submitted job 15 with external jobid '24967691.hpc-pbs1.hpcc.usc.edu'.

rule wig_2_bw:
    input: wigs/EColi_str_bw25113_gem_index_50.wig
    output: bigWigs/EColi_str_bw25113_gem_index_50.bw
    jobid: 13
    wildcards: prefix=EColi_str_bw25113_gem_index, kmer=50

wigToBigWig wigs/EColi_str_bw25113_gem_index_50.wig /home/cmb-panasas2/skchoudh/genomes/EColi_str_bw25113/fasta/Escherichia_coli_bw25113.ASM75055v1.dna.chromosome.Chromosome.sizes bigWigs/EColi_str_bw25113_gem_index_50.bw
Submitted job 13 with external jobid '24967692.hpc-pbs1.hpcc.usc.edu'.

rule calc_gem_mappability:
    input: EColi_str_bw25113_gem_index.gem
    output: EColi_str_bw25113_gem_index_20.mappability
    jobid: 14
    wildcards: prefix=EColi_str_bw25113_gem_index, kmer=20
    threads: 16

gem-mappability -T 16 -I EColi_str_bw25113_gem_index.gem -l 20 -o EColi_str_bw25113_gem_index_20
Submitted job 14 with external jobid '24967693.hpc-pbs1.hpcc.usc.edu'.

rule wig_2_bw:
    input: wigs/EColi_str_bw25113_gem_index_30.wig
    output: bigWigs/EColi_str_bw25113_gem_index_30.bw
    jobid: 16
    wildcards: prefix=EColi_str_bw25113_gem_index, kmer=30

wigToBigWig wigs/EColi_str_bw25113_gem_index_30.wig /home/cmb-panasas2/skchoudh/genomes/EColi_str_bw25113/fasta/Escherichia_coli_bw25113.ASM75055v1.dna.chromosome.Chromosome.sizes bigWigs/EColi_str_bw25113_gem_index_30.bw
Submitted job 16 with external jobid '24967694.hpc-pbs1.hpcc.usc.edu'.

rule calc_gem_mappability:
    input: EColi_str_bw25113_gem_index.gem
    output: EColi_str_bw25113_gem_index_45.mappability
    jobid: 2
    wildcards: prefix=EColi_str_bw25113_gem_index, kmer=45
    threads: 16

gem-mappability -T 16 -I EColi_str_bw25113_gem_index.gem -l 45 -o EColi_str_bw25113_gem_index_45
Submitted job 2 with external jobid '24967695.hpc-pbs1.hpcc.usc.edu'.
Finished job 27.
1 of 16 steps (6%) done

rule wig_2_bw:
    input: wigs/EColi_str_bw25113_gem_index_40.wig
    output: bigWigs/EColi_str_bw25113_gem_index_40.bw
    jobid: 9
    wildcards: prefix=EColi_str_bw25113_gem_index, kmer=40

wigToBigWig wigs/EColi_str_bw25113_gem_index_40.wig /home/cmb-panasas2/skchoudh/genomes/EColi_str_bw25113/fasta/Escherichia_coli_bw25113.ASM75055v1.dna.chromosome.Chromosome.sizes bigWigs/EColi_str_bw25113_gem_index_40.bw
Error in rule wig_2_bw:
    jobid: 3
    output: bigWigs/EColi_str_bw25113_gem_index_35.bw
    cluster_jobid: 24967690.hpc-pbs1.hpcc.usc.edu

Job failed, going on with independent jobs.
Error in rule wig_2_bw:
    jobid: 15
    output: bigWigs/EColi_str_bw25113_gem_index_25.bw
    cluster_jobid: 24967691.hpc-pbs1.hpcc.usc.edu

Job failed, going on with independent jobs.
Error in rule wig_2_bw:
    jobid: 13
    output: bigWigs/EColi_str_bw25113_gem_index_50.bw
    cluster_jobid: 24967692.hpc-pbs1.hpcc.usc.edu

Job failed, going on with independent jobs.
Waiting at most 5 seconds for missing files.
Submitted job 9 with external jobid '24967697.hpc-pbs1.hpcc.usc.edu'.
Terminating processes on user request.
Will exit after finishing currently running jobs.
Removing output files of failed job calc_gem_mappability since they might be corrupted:
EColi_str_bw25113_gem_index_20.mappability
Removing output files of failed job calc_gem_mappability since they might be corrupted:
EColi_str_bw25113_gem_index_45.mappability
Complete log: /panfs/cmb-panasas2/skchoudh/github_projects/calculate_mappability/.snakemake/log/2017-10-19T02:15:57.213683.snakemake.log
