Provided cores: 16
Rules claiming more threads will be scaled down.
Job counts:
	count	jobs
	1	wig_2_bw
	1

rule wig_2_bw:
    input: wigs/hg38_gem_index_20.wig
    output: bigWigs/hg38_gem_index_20.bw
    jobid: 0
    wildcards: prefix=hg38_gem_index, kmer=20

wigToBigWig wigs/hg38_gem_index_20.wig /home/cmb-panasas2/skchoudh/genomes/hg38/fasta/hg38.chrom.sizes bigWigs/hg38_gem_index_20.bw
Error in rule wig_2_bw:
    jobid: 0
    output: bigWigs/hg38_gem_index_20.bw

RuleException:
CalledProcessError in line 52 of /panfs/cmb-panasas2/skchoudh/github_projects/calculate_mappability/Snakefile:
Command 'wigToBigWig wigs/hg38_gem_index_20.wig /home/cmb-panasas2/skchoudh/genomes/hg38/fasta/hg38.chrom.sizes bigWigs/hg38_gem_index_20.bw' returned non-zero exit status 127.
  File "/panfs/cmb-panasas2/skchoudh/github_projects/calculate_mappability/Snakefile", line 52, in __rule_wig_2_bw
  File "/home/cmb-panasas2/skchoudh/software_frozen/anaconda27/envs/clipseq/lib/python3.6/concurrent/futures/thread.py", line 55, in run
Will exit after finishing currently running jobs.
Exiting because a job execution failed. Look above for error message
Complete log: /panfs/cmb-panasas2/skchoudh/github_projects/calculate_mappability/.snakemake/log/2017-10-18T05:02:44.678965.snakemake.log
