Provided cluster nodes: 100
Provided resources: mem_mb=720000
Job counts:
	count	jobs
	1	all
	6	calc_gem_mappability
	6	gem_2_wig
	7	wig_2_bw
	20

rule calc_gem_mappability:
    input: hg38_gem_index.gem
    output: hg38_gem_index_25.mappability
    jobid: 4
    wildcards: prefix=hg38_gem_index, kmer=25
    threads: 16

gem-mappability -T 16 -I hg38_gem_index.gem -l 25 -o hg38_gem_index_25
Submitted job 4 with external jobid '24963596.hpc-pbs1.hpcc.usc.edu'.

rule calc_gem_mappability:
    input: hg38_gem_index.gem
    output: hg38_gem_index_35.mappability
    jobid: 3
    wildcards: prefix=hg38_gem_index, kmer=35
    threads: 16

gem-mappability -T 16 -I hg38_gem_index.gem -l 35 -o hg38_gem_index_35
Submitted job 3 with external jobid '24963597.hpc-pbs1.hpcc.usc.edu'.

rule calc_gem_mappability:
    input: hg38_gem_index.gem
    output: hg38_gem_index_50.mappability
    jobid: 10
    wildcards: prefix=hg38_gem_index, kmer=50
    threads: 16

gem-mappability -T 16 -I hg38_gem_index.gem -l 50 -o hg38_gem_index_50
Submitted job 10 with external jobid '24963598.hpc-pbs1.hpcc.usc.edu'.

rule wig_2_bw:
    input: wigs/hg38_gem_index_20.wig
    output: bigWigs/hg38_gem_index_20.bw
    jobid: 2
    wildcards: prefix=hg38_gem_index, kmer=20

wigToBigWig wigs/hg38_gem_index_20.wig /home/cmb-panasas2/skchoudh/genomes/hg38/fasta/hg38.chrom.sizes bigWigs/hg38_gem_index_20.bw
Submitted job 2 with external jobid '24963599.hpc-pbs1.hpcc.usc.edu'.

rule calc_gem_mappability:
    input: hg38_gem_index.gem
    output: hg38_gem_index_30.mappability
    jobid: 9
    wildcards: prefix=hg38_gem_index, kmer=30
    threads: 16

gem-mappability -T 16 -I hg38_gem_index.gem -l 30 -o hg38_gem_index_30
Submitted job 9 with external jobid '24963600.hpc-pbs1.hpcc.usc.edu'.

rule calc_gem_mappability:
    input: hg38_gem_index.gem
    output: hg38_gem_index_40.mappability
    jobid: 7
    wildcards: prefix=hg38_gem_index, kmer=40
    threads: 16

gem-mappability -T 16 -I hg38_gem_index.gem -l 40 -o hg38_gem_index_40
Submitted job 7 with external jobid '24963601.hpc-pbs1.hpcc.usc.edu'.

rule calc_gem_mappability:
    input: hg38_gem_index.gem
    output: hg38_gem_index_45.mappability
    jobid: 8
    wildcards: prefix=hg38_gem_index, kmer=45
    threads: 16

gem-mappability -T 16 -I hg38_gem_index.gem -l 45 -o hg38_gem_index_45
Submitted job 8 with external jobid '24963602.hpc-pbs1.hpcc.usc.edu'.
Error in rule wig_2_bw:
    jobid: 2
    output: bigWigs/hg38_gem_index_20.bw
    cluster_jobid: 24963599.hpc-pbs1.hpcc.usc.edu

Job failed, going on with independent jobs.
Terminating processes on user request.
Will exit after finishing currently running jobs.
Removing output files of failed job calc_gem_mappability since they might be corrupted:
hg38_gem_index_45.mappability
Removing output files of failed job calc_gem_mappability since they might be corrupted:
hg38_gem_index_25.mappability
Removing output files of failed job calc_gem_mappability since they might be corrupted:
hg38_gem_index_35.mappability
Removing output files of failed job calc_gem_mappability since they might be corrupted:
hg38_gem_index_50.mappability
Removing output files of failed job calc_gem_mappability since they might be corrupted:
hg38_gem_index_30.mappability
Removing output files of failed job calc_gem_mappability since they might be corrupted:
hg38_gem_index_40.mappability
Complete log: /panfs/cmb-panasas2/skchoudh/github_projects/calculate_mappability/.snakemake/log/2017-10-18T05:00:46.677605.snakemake.log
