Provided cluster nodes: 100
Provided resources: mem_mb=720000
Job counts:
	count	jobs
	1	all
	1	calculate_uniq_mappable
	1	create_summary
	7	wig_2_bw
	10

rule calculate_uniq_mappable:
    input: S_cerevisiae_gem_index_35.mappability
    output: S_cerevisiae_gem_index_35.uniq.counts
    jobid: 21
    wildcards: prefix=S_cerevisiae_gem_index, kmer=35

gawk '{c+=gsub(s,s)}END{print c}' s='!' S_cerevisiae_gem_index_35.mappability > S_cerevisiae_gem_index_35.uniq.counts
Submitted job 21 with external jobid '24966132.hpc-pbs1.hpcc.usc.edu'.

rule wig_2_bw:
    input: wigs/S_cerevisiae_gem_index_40.wig
    output: bigWigs/S_cerevisiae_gem_index_40.bw
    jobid: 15
    wildcards: prefix=S_cerevisiae_gem_index, kmer=40

wigToBigWig wigs/S_cerevisiae_gem_index_40.wig /home/cmb-panasas2/skchoudh/genomes/S_cerevisiae/fasta/Saccharomyces_cerevisiae.R64-1-1.dna.toplevel.sizes bigWigs/S_cerevisiae_gem_index_40.bw
Submitted job 15 with external jobid '24966133.hpc-pbs1.hpcc.usc.edu'.

rule wig_2_bw:
    input: wigs/S_cerevisiae_gem_index_45.wig
    output: bigWigs/S_cerevisiae_gem_index_45.bw
    jobid: 2
    wildcards: prefix=S_cerevisiae_gem_index, kmer=45

wigToBigWig wigs/S_cerevisiae_gem_index_45.wig /home/cmb-panasas2/skchoudh/genomes/S_cerevisiae/fasta/Saccharomyces_cerevisiae.R64-1-1.dna.toplevel.sizes bigWigs/S_cerevisiae_gem_index_45.bw
Submitted job 2 with external jobid '24966134.hpc-pbs1.hpcc.usc.edu'.

rule wig_2_bw:
    input: wigs/S_cerevisiae_gem_index_50.wig
    output: bigWigs/S_cerevisiae_gem_index_50.bw
    jobid: 12
    wildcards: prefix=S_cerevisiae_gem_index, kmer=50

wigToBigWig wigs/S_cerevisiae_gem_index_50.wig /home/cmb-panasas2/skchoudh/genomes/S_cerevisiae/fasta/Saccharomyces_cerevisiae.R64-1-1.dna.toplevel.sizes bigWigs/S_cerevisiae_gem_index_50.bw
Submitted job 12 with external jobid '24966135.hpc-pbs1.hpcc.usc.edu'.

rule wig_2_bw:
    input: wigs/S_cerevisiae_gem_index_30.wig
    output: bigWigs/S_cerevisiae_gem_index_30.bw
    jobid: 8
    wildcards: prefix=S_cerevisiae_gem_index, kmer=30

wigToBigWig wigs/S_cerevisiae_gem_index_30.wig /home/cmb-panasas2/skchoudh/genomes/S_cerevisiae/fasta/Saccharomyces_cerevisiae.R64-1-1.dna.toplevel.sizes bigWigs/S_cerevisiae_gem_index_30.bw
Submitted job 8 with external jobid '24966136.hpc-pbs1.hpcc.usc.edu'.

rule wig_2_bw:
    input: wigs/S_cerevisiae_gem_index_20.wig
    output: bigWigs/S_cerevisiae_gem_index_20.bw
    jobid: 13
    wildcards: prefix=S_cerevisiae_gem_index, kmer=20

wigToBigWig wigs/S_cerevisiae_gem_index_20.wig /home/cmb-panasas2/skchoudh/genomes/S_cerevisiae/fasta/Saccharomyces_cerevisiae.R64-1-1.dna.toplevel.sizes bigWigs/S_cerevisiae_gem_index_20.bw
Submitted job 13 with external jobid '24966137.hpc-pbs1.hpcc.usc.edu'.

rule wig_2_bw:
    input: wigs/S_cerevisiae_gem_index_35.wig
    output: bigWigs/S_cerevisiae_gem_index_35.bw
    jobid: 1
    wildcards: prefix=S_cerevisiae_gem_index, kmer=35

wigToBigWig wigs/S_cerevisiae_gem_index_35.wig /home/cmb-panasas2/skchoudh/genomes/S_cerevisiae/fasta/Saccharomyces_cerevisiae.R64-1-1.dna.toplevel.sizes bigWigs/S_cerevisiae_gem_index_35.bw
Submitted job 1 with external jobid '24966138.hpc-pbs1.hpcc.usc.edu'.

rule wig_2_bw:
    input: wigs/S_cerevisiae_gem_index_25.wig
    output: bigWigs/S_cerevisiae_gem_index_25.bw
    jobid: 5
    wildcards: prefix=S_cerevisiae_gem_index, kmer=25

wigToBigWig wigs/S_cerevisiae_gem_index_25.wig /home/cmb-panasas2/skchoudh/genomes/S_cerevisiae/fasta/Saccharomyces_cerevisiae.R64-1-1.dna.toplevel.sizes bigWigs/S_cerevisiae_gem_index_25.bw
Submitted job 5 with external jobid '24966139.hpc-pbs1.hpcc.usc.edu'.
Finished job 21.
1 of 10 steps (10%) done

rule create_summary:
    input: S_cerevisiae_gem_index_20.uniq.counts, S_cerevisiae_gem_index_25.uniq.counts, S_cerevisiae_gem_index_30.uniq.counts, S_cerevisiae_gem_index_35.uniq.counts, S_cerevisiae_gem_index_40.uniq.counts, S_cerevisiae_gem_index_45.uniq.counts, S_cerevisiae_gem_index_50.uniq.counts
    output: summary_counts.tsv
    jobid: 3

Error in rule wig_2_bw:
    jobid: 15
    output: bigWigs/S_cerevisiae_gem_index_40.bw
    cluster_jobid: 24966133.hpc-pbs1.hpcc.usc.edu

Job failed, going on with independent jobs.
Error in rule wig_2_bw:
    jobid: 2
    output: bigWigs/S_cerevisiae_gem_index_45.bw
    cluster_jobid: 24966134.hpc-pbs1.hpcc.usc.edu

Job failed, going on with independent jobs.
Error in rule wig_2_bw:
    jobid: 12
    output: bigWigs/S_cerevisiae_gem_index_50.bw
    cluster_jobid: 24966135.hpc-pbs1.hpcc.usc.edu

Job failed, going on with independent jobs.
Error in rule wig_2_bw:
    jobid: 8
    output: bigWigs/S_cerevisiae_gem_index_30.bw
    cluster_jobid: 24966136.hpc-pbs1.hpcc.usc.edu

Job failed, going on with independent jobs.
Error in rule wig_2_bw:
    jobid: 13
    output: bigWigs/S_cerevisiae_gem_index_20.bw
    cluster_jobid: 24966137.hpc-pbs1.hpcc.usc.edu

Job failed, going on with independent jobs.
Error in rule wig_2_bw:
    jobid: 1
    output: bigWigs/S_cerevisiae_gem_index_35.bw
    cluster_jobid: 24966138.hpc-pbs1.hpcc.usc.edu

Job failed, going on with independent jobs.
Error in rule wig_2_bw:
    jobid: 5
    output: bigWigs/S_cerevisiae_gem_index_25.bw
    cluster_jobid: 24966139.hpc-pbs1.hpcc.usc.edu

Job failed, going on with independent jobs.
Submitted job 3 with external jobid '24966142.hpc-pbs1.hpcc.usc.edu'.
Finished job 3.
2 of 10 steps (20%) done
Exiting because a job execution failed. Look above for error message
Complete log: /panfs/cmb-panasas2/skchoudh/github_projects/calculate_mappability/.snakemake/log/2017-10-18T17:00:37.399198.snakemake.log
