Provided cluster nodes: 100
Provided resources: mem_mb=720000
Job counts:
	count	jobs
	1	all
	2	calc_gem_mappability
	2	calculate_uniq_mappable
	1	create_summary
	2	gem_2_wig
	2	wig_2_bw
	10

rule calc_gem_mappability:
    input: hg38_gem_index.gem
    output: hg38_gem_index_40.mappability
    jobid: 1
    wildcards: prefix=hg38_gem_index, kmer=40
    threads: 24

gem-mappability -T 24 -I hg38_gem_index.gem -l 40 -o hg38_gem_index_40
Submitted job 1 with external jobid '24995186.hpc-pbs1.hpcc.usc.edu'.

rule calc_gem_mappability:
    input: hg38_gem_index.gem
    output: hg38_gem_index_30.mappability
    jobid: 2
    wildcards: prefix=hg38_gem_index, kmer=30
    threads: 24

gem-mappability -T 24 -I hg38_gem_index.gem -l 30 -o hg38_gem_index_30
Submitted job 2 with external jobid '24995187.hpc-pbs1.hpcc.usc.edu'.
Terminating processes on user request.
Will exit after finishing currently running jobs.
Complete log: /panfs/cmb-panasas2/skchoudh/github_projects/calculate_mappability/.snakemake/log/2017-10-24T16:35:43.648577.snakemake.log
