Provided cores: 16
Rules claiming more threads will be scaled down.
Job counts:
	count	jobs
	1	calc_gem_mappability
	1

rule calc_gem_mappability:
    input: hg38_gem_index.gem
    output: hg38_gem_index_40.mappability
    jobid: 0
    wildcards: prefix=hg38_gem_index, kmer=40
    threads: 16

gem-mappability -T 16 -I hg38_gem_index.gem -l 40 -o hg38_gem_index_40
Error in rule calc_gem_mappability:
    jobid: 0
    output: hg38_gem_index_40.mappability

RuleException:
CalledProcessError in line 36 of /panfs/cmb-panasas2/skchoudh/github_projects/calculate_mappability/Snakefile:
Command 'gem-mappability -T 16 -I hg38_gem_index.gem -l 40 -o hg38_gem_index_40' returned non-zero exit status 1.
  File "/panfs/cmb-panasas2/skchoudh/github_projects/calculate_mappability/Snakefile", line 36, in __rule_calc_gem_mappability
  File "/home/cmb-panasas2/skchoudh/software_frozen/anaconda27/envs/clipseq/lib/python3.6/concurrent/futures/thread.py", line 55, in run
Will exit after finishing currently running jobs.
Exiting because a job execution failed. Look above for error message
Complete log: /panfs/cmb-panasas2/skchoudh/github_projects/calculate_mappability/.snakemake/log/2017-10-21T13:57:28.540337.snakemake.log
