Provided cluster nodes: 100
Provided resources: mem_mb=720000
Job counts:
	count	jobs
	1	all
	6	calc_gem_mappability
	6	gem_2_wig
	7	wig_2_bw
	20

rule wig_2_bw:
    input: wigs/hg38_gem_index_20.wig
    output: bigWigs/hg38_gem_index_20.bw
    jobid: 4
    wildcards: prefix=hg38_gem_index, kmer=20

wigToBigWig wigs/hg38_gem_index_20.wig /home/cmb-panasas2/skchoudh/genomes/hg38/fasta/hg38.chrom.sizes bigWigs/hg38_gem_index_20.bw
Submitted job 4 with external jobid '24963588.hpc-pbs1.hpcc.usc.edu'.

rule calc_gem_mappability:
    input: hg38_gem_index.gem
    output: hg38_gem_index_50.mappability
    jobid: 13
    wildcards: prefix=hg38_gem_index, kmer=50
    threads: 16

gem-mappability -T 16 -I hg38_gem_index.gem -l 50 -o hg38_gem_index_50
Submitted job 13 with external jobid '24963589.hpc-pbs1.hpcc.usc.edu'.

rule calc_gem_mappability:
    input: hg38_gem_index.gem
    output: hg38_gem_index_45.mappability
    jobid: 2
    wildcards: prefix=hg38_gem_index, kmer=45
    threads: 16

gem-mappability -T 16 -I hg38_gem_index.gem -l 45 -o hg38_gem_index_45
Submitted job 2 with external jobid '24963590.hpc-pbs1.hpcc.usc.edu'.

rule calc_gem_mappability:
    input: hg38_gem_index.gem
    output: hg38_gem_index_25.mappability
    jobid: 3
    wildcards: prefix=hg38_gem_index, kmer=25
    threads: 16

gem-mappability -T 16 -I hg38_gem_index.gem -l 25 -o hg38_gem_index_25
Submitted job 3 with external jobid '24963591.hpc-pbs1.hpcc.usc.edu'.

rule calc_gem_mappability:
    input: hg38_gem_index.gem
    output: hg38_gem_index_30.mappability
    jobid: 11
    wildcards: prefix=hg38_gem_index, kmer=30
    threads: 16

gem-mappability -T 16 -I hg38_gem_index.gem -l 30 -o hg38_gem_index_30
Submitted job 11 with external jobid '24963592.hpc-pbs1.hpcc.usc.edu'.

rule calc_gem_mappability:
    input: hg38_gem_index.gem
    output: hg38_gem_index_35.mappability
    jobid: 6
    wildcards: prefix=hg38_gem_index, kmer=35
    threads: 16

gem-mappability -T 16 -I hg38_gem_index.gem -l 35 -o hg38_gem_index_35
Submitted job 6 with external jobid '24963593.hpc-pbs1.hpcc.usc.edu'.

rule calc_gem_mappability:
    input: hg38_gem_index.gem
    output: hg38_gem_index_40.mappability
    jobid: 7
    wildcards: prefix=hg38_gem_index, kmer=40
    threads: 16

gem-mappability -T 16 -I hg38_gem_index.gem -l 40 -o hg38_gem_index_40
Submitted job 7 with external jobid '24963594.hpc-pbs1.hpcc.usc.edu'.
Terminating processes on user request.
Will exit after finishing currently running jobs.
Complete log: /panfs/cmb-panasas2/skchoudh/github_projects/calculate_mappability/.snakemake/log/2017-10-18T04:59:31.173698.snakemake.log
