Provided cores: 16
Rules claiming more threads will be scaled down.
Job counts:
	count	jobs
	1	calc_gem_mappability
	1

rule calc_gem_mappability:
    input: EColi_str_bw25113_gem_index.gem
    output: EColi_str_bw25113_gem_index_20.mappability
    jobid: 0
    wildcards: prefix=EColi_str_bw25113_gem_index, kmer=20
    threads: 16

gem-mappability -T 16 -I EColi_str_bw25113_gem_index.gem -l 20 -o EColi_str_bw25113_gem_index_20
Error in rule calc_gem_mappability:
    jobid: 0
    output: EColi_str_bw25113_gem_index_20.mappability

RuleException:
CalledProcessError in line 36 of /panfs/cmb-panasas2/skchoudh/github_projects/calculate_mappability/Snakefile:
Command 'gem-mappability -T 16 -I EColi_str_bw25113_gem_index.gem -l 20 -o EColi_str_bw25113_gem_index_20' returned non-zero exit status 127.
  File "/panfs/cmb-panasas2/skchoudh/github_projects/calculate_mappability/Snakefile", line 36, in __rule_calc_gem_mappability
  File "/home/cmb-panasas2/skchoudh/software_frozen/anaconda27/envs/clipseq/lib/python3.6/concurrent/futures/thread.py", line 55, in run
Will exit after finishing currently running jobs.
Exiting because a job execution failed. Look above for error message
Complete log: /panfs/cmb-panasas2/skchoudh/github_projects/calculate_mappability/.snakemake/log/2017-10-18T15:12:39.417218.snakemake.log
