Provided cores: 16
Rules claiming more threads will be scaled down.
Job counts:
	count	jobs
	1	create_gem_index
	1

rule create_gem_index:
    input: /home/cmb-panasas2/skchoudh/genomes/hg38/fasta/hg38.fa
    output: hg38_gem_index.gem
    jobid: 0
    threads: 16

source activate python2 && gem-indexer -T 16 -c dna -i /home/cmb-panasas2/skchoudh/genomes/hg38/fasta/hg38.fa -o hg38_gem_index
Error in rule create_gem_index:
    jobid: 0
    output: hg38_gem_index.gem

RuleException:
CalledProcessError in line 24 of /panfs/cmb-panasas2/skchoudh/github_projects/calculate_mappability/Snakefile:
Command 'source activate python2 && gem-indexer -T 16 -c dna -i /home/cmb-panasas2/skchoudh/genomes/hg38/fasta/hg38.fa -o hg38_gem_index' returned non-zero exit status 2.
  File "/panfs/cmb-panasas2/skchoudh/github_projects/calculate_mappability/Snakefile", line 24, in __rule_create_gem_index
  File "/home/cmb-panasas2/skchoudh/software_frozen/anaconda27/envs/clipseq/lib/python3.6/concurrent/futures/thread.py", line 55, in run
Will exit after finishing currently running jobs.
Exiting because a job execution failed. Look above for error message
Complete log: /panfs/cmb-panasas2/skchoudh/github_projects/calculate_mappability/.snakemake/log/2017-10-17T17:22:03.967328.snakemake.log
