Provided cluster nodes: 100
Provided resources: mem_mb=720000
Job counts:
	count	jobs
	1	all
	7	calc_gem_mappability
	7	calculate_uniq_mappable
	1	create_gem_index
	1	create_summary
	7	gem_2_wig
	7	wig_2_bw
	31

rule create_gem_index:
    input: /home/cmb-panasas2/skchoudh/genomes/C_albicans_SC5314/Assembly22/fasta/C_albicans_SC5314_version_A22-s07-m01-r27_chromosomes.fasta
    output: C_albicans_SC5314_A22-s07-m01-r27_gem_index.gem
    jobid: 6
    threads: 16

gem-indexer -T 16 -c dna -i /home/cmb-panasas2/skchoudh/genomes/C_albicans_SC5314/Assembly22/fasta/C_albicans_SC5314_version_A22-s07-m01-r27_chromosomes.fasta -o C_albicans_SC5314_version_A22-s07-m01-r27_gem_index
Submitted job 6 with external jobid '24964953.hpc-pbs1.hpcc.usc.edu'.
Error in rule create_gem_index:
    jobid: 6
    output: C_albicans_SC5314_A22-s07-m01-r27_gem_index.gem
    cluster_jobid: 24964953.hpc-pbs1.hpcc.usc.edu

Job failed, going on with independent jobs.
Exiting because a job execution failed. Look above for error message
Complete log: /panfs/cmb-panasas2/skchoudh/github_projects/calculate_mappability/.snakemake/log/2017-10-18T13:08:25.308916.snakemake.log
