Provided cluster nodes: 100
Provided resources: mem_mb=720000
Job counts:
	count	jobs
	1	all
	7	calc_gem_mappability
	7	calculate_uniq_mappable
	1	create_gem_index
	1	create_summary
	7	gem_2_wig
	7	wig_2_bw
	31

rule create_gem_index:
    input: /home/cmb-panasas2/skchoudh/genomes/EColi_str_bw25113/fasta/Escherichia_coli_bw25113.ASM75055v1.dna.chromosome.Chromosome.fa
    output: EColi_str_bw25113_gem_index.gem
    jobid: 14
    threads: 16

gem-indexer -T 16 -c dna -i /home/cmb-panasas2/skchoudh/genomes/EColi_str_bw25113/fasta/Escherichia_coli_bw25113.ASM75055v1.dna.chromosome.Chromosome.fa -o EColi_str_bw25113_gem_index
Submitted job 14 with external jobid '24964963.hpc-pbs1.hpcc.usc.edu'.
Finished job 14.
1 of 31 steps (3%) done

rule calc_gem_mappability:
    input: EColi_str_bw25113_gem_index.gem
    output: EColi_str_bw25113_gem_index_20.mappability
    jobid: 15
    wildcards: prefix=EColi_str_bw25113_gem_index, kmer=20
    threads: 16

gem-mappability -T 16 -I EColi_str_bw25113_gem_index.gem -l 20 -o EColi_str_bw25113_gem_index_20
Submitted job 15 with external jobid '24964968.hpc-pbs1.hpcc.usc.edu'.

rule calc_gem_mappability:
    input: EColi_str_bw25113_gem_index.gem
    output: EColi_str_bw25113_gem_index_35.mappability
    jobid: 3
    wildcards: prefix=EColi_str_bw25113_gem_index, kmer=35
    threads: 16

gem-mappability -T 16 -I EColi_str_bw25113_gem_index.gem -l 35 -o EColi_str_bw25113_gem_index_35
Submitted job 3 with external jobid '24964969.hpc-pbs1.hpcc.usc.edu'.

rule calc_gem_mappability:
    input: EColi_str_bw25113_gem_index.gem
    output: EColi_str_bw25113_gem_index_25.mappability
    jobid: 12
    wildcards: prefix=EColi_str_bw25113_gem_index, kmer=25
    threads: 16

gem-mappability -T 16 -I EColi_str_bw25113_gem_index.gem -l 25 -o EColi_str_bw25113_gem_index_25
Submitted job 12 with external jobid '24964970.hpc-pbs1.hpcc.usc.edu'.

rule calc_gem_mappability:
    input: EColi_str_bw25113_gem_index.gem
    output: EColi_str_bw25113_gem_index_45.mappability
    jobid: 13
    wildcards: prefix=EColi_str_bw25113_gem_index, kmer=45
    threads: 16

gem-mappability -T 16 -I EColi_str_bw25113_gem_index.gem -l 45 -o EColi_str_bw25113_gem_index_45
Submitted job 13 with external jobid '24964971.hpc-pbs1.hpcc.usc.edu'.

rule calc_gem_mappability:
    input: EColi_str_bw25113_gem_index.gem
    output: EColi_str_bw25113_gem_index_30.mappability
    jobid: 2
    wildcards: prefix=EColi_str_bw25113_gem_index, kmer=30
    threads: 16

gem-mappability -T 16 -I EColi_str_bw25113_gem_index.gem -l 30 -o EColi_str_bw25113_gem_index_30
Submitted job 2 with external jobid '24964972.hpc-pbs1.hpcc.usc.edu'.

rule calc_gem_mappability:
    input: EColi_str_bw25113_gem_index.gem
    output: EColi_str_bw25113_gem_index_50.mappability
    jobid: 1
    wildcards: prefix=EColi_str_bw25113_gem_index, kmer=50
    threads: 16

gem-mappability -T 16 -I EColi_str_bw25113_gem_index.gem -l 50 -o EColi_str_bw25113_gem_index_50
Submitted job 1 with external jobid '24964973.hpc-pbs1.hpcc.usc.edu'.

rule calc_gem_mappability:
    input: EColi_str_bw25113_gem_index.gem
    output: EColi_str_bw25113_gem_index_40.mappability
    jobid: 7
    wildcards: prefix=EColi_str_bw25113_gem_index, kmer=40
    threads: 16

gem-mappability -T 16 -I EColi_str_bw25113_gem_index.gem -l 40 -o EColi_str_bw25113_gem_index_40
Submitted job 7 with external jobid '24964974.hpc-pbs1.hpcc.usc.edu'.
Waiting at most 5 seconds for missing files.
Terminating processes on user request.
Will exit after finishing currently running jobs.
Removing output files of failed job calc_gem_mappability since they might be corrupted:
EColi_str_bw25113_gem_index_20.mappability
Removing output files of failed job calc_gem_mappability since they might be corrupted:
EColi_str_bw25113_gem_index_45.mappability
Removing output files of failed job calc_gem_mappability since they might be corrupted:
EColi_str_bw25113_gem_index_30.mappability
Removing output files of failed job calc_gem_mappability since they might be corrupted:
EColi_str_bw25113_gem_index_50.mappability
Removing output files of failed job calc_gem_mappability since they might be corrupted:
EColi_str_bw25113_gem_index_40.mappability
Complete log: /panfs/cmb-panasas2/skchoudh/github_projects/calculate_mappability/.snakemake/log/2017-10-18T13:14:43.751580.snakemake.log
