Provided cores: 16
Rules claiming more threads will be scaled down.
Job counts:
	count	jobs
	1	wig_2_bw
	1

rule wig_2_bw:
    input: wigs/C_albicans_SC5314_version_A22-s07-m01-r27_gem_index_40.wig
    output: bigWigs/C_albicans_SC5314_version_A22-s07-m01-r27_gem_index_40.bw
    jobid: 0
    wildcards: prefix=C_albicans_SC5314_version_A22-s07-m01-r27_gem_index, kmer=40

wigToBigWig wigs/C_albicans_SC5314_version_A22-s07-m01-r27_gem_index_40.wig /home/cmb-panasas2/skchoudh/genomes/C_albicans_SC5314/Assembly22/fasta/C_albicans_SC5314_version_A22-s07-m01-r27_chromosomes.sizes bigWigs/C_albicans_SC5314_version_A22-s07-m01-r27_gem_index_40.bw
Error in rule wig_2_bw:
    jobid: 0
    output: bigWigs/C_albicans_SC5314_version_A22-s07-m01-r27_gem_index_40.bw

RuleException:
CalledProcessError in line 54 of /panfs/cmb-panasas2/skchoudh/github_projects/calculate_mappability/Snakefile:
Command 'wigToBigWig wigs/C_albicans_SC5314_version_A22-s07-m01-r27_gem_index_40.wig /home/cmb-panasas2/skchoudh/genomes/C_albicans_SC5314/Assembly22/fasta/C_albicans_SC5314_version_A22-s07-m01-r27_chromosomes.sizes bigWigs/C_albicans_SC5314_version_A22-s07-m01-r27_gem_index_40.bw' returned non-zero exit status 127.
  File "/panfs/cmb-panasas2/skchoudh/github_projects/calculate_mappability/Snakefile", line 54, in __rule_wig_2_bw
  File "/home/cmb-panasas2/skchoudh/software_frozen/anaconda27/envs/clipseq/lib/python3.6/concurrent/futures/thread.py", line 55, in run
Will exit after finishing currently running jobs.
Exiting because a job execution failed. Look above for error message
Complete log: /panfs/cmb-panasas2/skchoudh/github_projects/calculate_mappability/.snakemake/log/2017-10-18T15:22:18.754535.snakemake.log
