Provided cluster nodes: 100
Provided resources: mem_mb=720000
Job counts:
	count	jobs
	1	all
	1	calc_gem_mappability
	7	calculate_uniq_mappable
	1	create_summary
	7	gem_2_wig
	7	wig_2_bw
	24

rule calculate_uniq_mappable:
    input: S_cerevisiae_gem_index_35.mappability
    output: S_cerevisiae_gem_index_35.uniq.counts
    jobid: 17
    wildcards: prefix=S_cerevisiae_gem_index, kmer=35

gawk '{c+=gsub(s,s)}END{print c}' s='!' S_cerevisiae_gem_index_35.mappability > S_cerevisiae_gem_index_35.uniq.counts
Submitted job 17 with external jobid '24964702.hpc-pbs1.hpcc.usc.edu'.

rule gem_2_wig:
    input: S_cerevisiae_gem_index.gem, S_cerevisiae_gem_index_20.mappability
    output: wigs/S_cerevisiae_gem_index_20.wig
    jobid: 29
    wildcards: prefix=S_cerevisiae_gem_index, kmer=20

gem-2-wig -I S_cerevisiae_gem_index.gem -i S_cerevisiae_gem_index_20.mappability -o wigs/S_cerevisiae_gem_index_20
Submitted job 29 with external jobid '24964703.hpc-pbs1.hpcc.usc.edu'.

rule gem_2_wig:
    input: S_cerevisiae_gem_index.gem, S_cerevisiae_gem_index_35.mappability
    output: wigs/S_cerevisiae_gem_index_35.wig
    jobid: 26
    wildcards: prefix=S_cerevisiae_gem_index, kmer=35

gem-2-wig -I S_cerevisiae_gem_index.gem -i S_cerevisiae_gem_index_35.mappability -o wigs/S_cerevisiae_gem_index_35
Submitted job 26 with external jobid '24964704.hpc-pbs1.hpcc.usc.edu'.

rule calculate_uniq_mappable:
    input: S_cerevisiae_gem_index_50.mappability
    output: S_cerevisiae_gem_index_50.uniq.counts
    jobid: 20
    wildcards: prefix=S_cerevisiae_gem_index, kmer=50

gawk '{c+=gsub(s,s)}END{print c}' s='!' S_cerevisiae_gem_index_50.mappability > S_cerevisiae_gem_index_50.uniq.counts
Submitted job 20 with external jobid '24964705.hpc-pbs1.hpcc.usc.edu'.

rule calculate_uniq_mappable:
    input: S_cerevisiae_gem_index_30.mappability
    output: S_cerevisiae_gem_index_30.uniq.counts
    jobid: 19
    wildcards: prefix=S_cerevisiae_gem_index, kmer=30

gawk '{c+=gsub(s,s)}END{print c}' s='!' S_cerevisiae_gem_index_30.mappability > S_cerevisiae_gem_index_30.uniq.counts
Submitted job 19 with external jobid '24964706.hpc-pbs1.hpcc.usc.edu'.

rule calc_gem_mappability:
    input: S_cerevisiae_gem_index.gem
    output: S_cerevisiae_gem_index_25.mappability
    jobid: 13
    wildcards: prefix=S_cerevisiae_gem_index, kmer=25
    threads: 16

gem-mappability -T 16 -I S_cerevisiae_gem_index.gem -l 25 -o S_cerevisiae_gem_index_25
Submitted job 13 with external jobid '24964707.hpc-pbs1.hpcc.usc.edu'.

rule gem_2_wig:
    input: S_cerevisiae_gem_index.gem, S_cerevisiae_gem_index_40.mappability
    output: wigs/S_cerevisiae_gem_index_40.wig
    jobid: 28
    wildcards: prefix=S_cerevisiae_gem_index, kmer=40

gem-2-wig -I S_cerevisiae_gem_index.gem -i S_cerevisiae_gem_index_40.mappability -o wigs/S_cerevisiae_gem_index_40
Submitted job 28 with external jobid '24964708.hpc-pbs1.hpcc.usc.edu'.

rule calculate_uniq_mappable:
    input: S_cerevisiae_gem_index_20.mappability
    output: S_cerevisiae_gem_index_20.uniq.counts
    jobid: 22
    wildcards: prefix=S_cerevisiae_gem_index, kmer=20

gawk '{c+=gsub(s,s)}END{print c}' s='!' S_cerevisiae_gem_index_20.mappability > S_cerevisiae_gem_index_20.uniq.counts
Submitted job 22 with external jobid '24964709.hpc-pbs1.hpcc.usc.edu'.

rule gem_2_wig:
    input: S_cerevisiae_gem_index.gem, S_cerevisiae_gem_index_30.mappability
    output: wigs/S_cerevisiae_gem_index_30.wig
    jobid: 25
    wildcards: prefix=S_cerevisiae_gem_index, kmer=30

gem-2-wig -I S_cerevisiae_gem_index.gem -i S_cerevisiae_gem_index_30.mappability -o wigs/S_cerevisiae_gem_index_30
Submitted job 25 with external jobid '24964710.hpc-pbs1.hpcc.usc.edu'.

rule gem_2_wig:
    input: S_cerevisiae_gem_index.gem, S_cerevisiae_gem_index_50.mappability
    output: wigs/S_cerevisiae_gem_index_50.wig
    jobid: 30
    wildcards: prefix=S_cerevisiae_gem_index, kmer=50

gem-2-wig -I S_cerevisiae_gem_index.gem -i S_cerevisiae_gem_index_50.mappability -o wigs/S_cerevisiae_gem_index_50
Submitted job 30 with external jobid '24964711.hpc-pbs1.hpcc.usc.edu'.

rule gem_2_wig:
    input: S_cerevisiae_gem_index.gem, S_cerevisiae_gem_index_45.mappability
    output: wigs/S_cerevisiae_gem_index_45.wig
    jobid: 24
    wildcards: prefix=S_cerevisiae_gem_index, kmer=45

gem-2-wig -I S_cerevisiae_gem_index.gem -i S_cerevisiae_gem_index_45.mappability -o wigs/S_cerevisiae_gem_index_45
Submitted job 24 with external jobid '24964712.hpc-pbs1.hpcc.usc.edu'.

rule calculate_uniq_mappable:
    input: S_cerevisiae_gem_index_45.mappability
    output: S_cerevisiae_gem_index_45.uniq.counts
    jobid: 21
    wildcards: prefix=S_cerevisiae_gem_index, kmer=45

gawk '{c+=gsub(s,s)}END{print c}' s='!' S_cerevisiae_gem_index_45.mappability > S_cerevisiae_gem_index_45.uniq.counts
Submitted job 21 with external jobid '24964713.hpc-pbs1.hpcc.usc.edu'.

rule calculate_uniq_mappable:
    input: S_cerevisiae_gem_index_40.mappability
    output: S_cerevisiae_gem_index_40.uniq.counts
    jobid: 23
    wildcards: prefix=S_cerevisiae_gem_index, kmer=40

gawk '{c+=gsub(s,s)}END{print c}' s='!' S_cerevisiae_gem_index_40.mappability > S_cerevisiae_gem_index_40.uniq.counts
Submitted job 23 with external jobid '24964714.hpc-pbs1.hpcc.usc.edu'.
Finished job 26.
1 of 24 steps (4%) done

rule wig_2_bw:
    input: wigs/S_cerevisiae_gem_index_35.wig
    output: bigWigs/S_cerevisiae_gem_index_35.bw
    jobid: 4
    wildcards: prefix=S_cerevisiae_gem_index, kmer=35

wigToBigWig wigs/S_cerevisiae_gem_index_35.wig /home/cmb-panasas2/skchoudh/genomes/S_cerevisiae/fasta/Saccharomyces_cerevisiae.R64-1-1.dna.toplevel.sizes bigWigs/S_cerevisiae_gem_index_35.bw
Finished job 20.
2 of 24 steps (8%) done
Submitted job 4 with external jobid '24964719.hpc-pbs1.hpcc.usc.edu'.
Finished job 19.
3 of 24 steps (12%) done
Finished job 22.
4 of 24 steps (17%) done
Finished job 25.
5 of 24 steps (21%) done
Finished job 30.
6 of 24 steps (25%) done
Finished job 24.
7 of 24 steps (29%) done
Finished job 21.
8 of 24 steps (33%) done
Finished job 23.
9 of 24 steps (38%) done

rule wig_2_bw:
    input: wigs/S_cerevisiae_gem_index_50.wig
    output: bigWigs/S_cerevisiae_gem_index_50.bw
    jobid: 16
    wildcards: prefix=S_cerevisiae_gem_index, kmer=50

wigToBigWig wigs/S_cerevisiae_gem_index_50.wig /home/cmb-panasas2/skchoudh/genomes/S_cerevisiae/fasta/Saccharomyces_cerevisiae.R64-1-1.dna.toplevel.sizes bigWigs/S_cerevisiae_gem_index_50.bw
Submitted job 16 with external jobid '24964720.hpc-pbs1.hpcc.usc.edu'.

rule wig_2_bw:
    input: wigs/S_cerevisiae_gem_index_30.wig
    output: bigWigs/S_cerevisiae_gem_index_30.bw
    jobid: 3
    wildcards: prefix=S_cerevisiae_gem_index, kmer=30

wigToBigWig wigs/S_cerevisiae_gem_index_30.wig /home/cmb-panasas2/skchoudh/genomes/S_cerevisiae/fasta/Saccharomyces_cerevisiae.R64-1-1.dna.toplevel.sizes bigWigs/S_cerevisiae_gem_index_30.bw
Submitted job 3 with external jobid '24964721.hpc-pbs1.hpcc.usc.edu'.

rule wig_2_bw:
    input: wigs/S_cerevisiae_gem_index_45.wig
    output: bigWigs/S_cerevisiae_gem_index_45.bw
    jobid: 2
    wildcards: prefix=S_cerevisiae_gem_index, kmer=45

wigToBigWig wigs/S_cerevisiae_gem_index_45.wig /home/cmb-panasas2/skchoudh/genomes/S_cerevisiae/fasta/Saccharomyces_cerevisiae.R64-1-1.dna.toplevel.sizes bigWigs/S_cerevisiae_gem_index_45.bw
Submitted job 2 with external jobid '24964722.hpc-pbs1.hpcc.usc.edu'.
Error in rule wig_2_bw:
    jobid: 16
    output: bigWigs/S_cerevisiae_gem_index_50.bw
    cluster_jobid: 24964720.hpc-pbs1.hpcc.usc.edu

Job failed, going on with independent jobs.
Error in rule wig_2_bw:
    jobid: 3
    output: bigWigs/S_cerevisiae_gem_index_30.bw
    cluster_jobid: 24964721.hpc-pbs1.hpcc.usc.edu

Job failed, going on with independent jobs.
Error in rule wig_2_bw:
    jobid: 2
    output: bigWigs/S_cerevisiae_gem_index_45.bw
    cluster_jobid: 24964722.hpc-pbs1.hpcc.usc.edu

Job failed, going on with independent jobs.
Finished job 13.
10 of 24 steps (42%) done

rule gem_2_wig:
    input: S_cerevisiae_gem_index.gem, S_cerevisiae_gem_index_25.mappability
    output: wigs/S_cerevisiae_gem_index_25.wig
    jobid: 27
    wildcards: prefix=S_cerevisiae_gem_index, kmer=25

gem-2-wig -I S_cerevisiae_gem_index.gem -i S_cerevisiae_gem_index_25.mappability -o wigs/S_cerevisiae_gem_index_25
Submitted job 27 with external jobid '24964727.hpc-pbs1.hpcc.usc.edu'.

rule calculate_uniq_mappable:
    input: S_cerevisiae_gem_index_25.mappability
    output: S_cerevisiae_gem_index_25.uniq.counts
    jobid: 18
    wildcards: prefix=S_cerevisiae_gem_index, kmer=25

gawk '{c+=gsub(s,s)}END{print c}' s='!' S_cerevisiae_gem_index_25.mappability > S_cerevisiae_gem_index_25.uniq.counts
Submitted job 18 with external jobid '24964728.hpc-pbs1.hpcc.usc.edu'.
Finished job 27.
11 of 24 steps (46%) done

rule wig_2_bw:
    input: wigs/S_cerevisiae_gem_index_25.wig
    output: bigWigs/S_cerevisiae_gem_index_25.bw
    jobid: 8
    wildcards: prefix=S_cerevisiae_gem_index, kmer=25

wigToBigWig wigs/S_cerevisiae_gem_index_25.wig /home/cmb-panasas2/skchoudh/genomes/S_cerevisiae/fasta/Saccharomyces_cerevisiae.R64-1-1.dna.toplevel.sizes bigWigs/S_cerevisiae_gem_index_25.bw
Finished job 18.
12 of 24 steps (50%) done
Submitted job 8 with external jobid '24964936.hpc-pbs1.hpcc.usc.edu'.
Error in rule wig_2_bw:
    jobid: 8
    output: bigWigs/S_cerevisiae_gem_index_25.bw
    cluster_jobid: 24964936.hpc-pbs1.hpcc.usc.edu

Job failed, going on with independent jobs.
Terminating processes on user request.
Will exit after finishing currently running jobs.
Complete log: /panfs/cmb-panasas2/skchoudh/github_projects/calculate_mappability/.snakemake/log/2017-10-18T12:54:12.642230.snakemake.log
