Provided cluster nodes: 100
Provided resources: mem_mb=720000
Job counts:
	count	jobs
	1	all
	7	calc_gem_mappability
	7	calculate_uniq_mappable
	1	create_summary
	7	gem_2_wig
	7	wig_2_bw
	30

rule calc_gem_mappability:
    input: EColi_str_bw25113_gem_index.gem
    output: EColi_str_bw25113_gem_index_30.mappability
    jobid: 8
    wildcards: prefix=EColi_str_bw25113_gem_index, kmer=30
    threads: 16

gem-mappability -T 16 -I EColi_str_bw25113_gem_index.gem -l 30 -o EColi_str_bw25113_gem_index_30
Submitted job 8 with external jobid '24965403.hpc-pbs1.hpcc.usc.edu'.

rule calc_gem_mappability:
    input: EColi_str_bw25113_gem_index.gem
    output: EColi_str_bw25113_gem_index_25.mappability
    jobid: 4
    wildcards: prefix=EColi_str_bw25113_gem_index, kmer=25
    threads: 16

gem-mappability -T 16 -I EColi_str_bw25113_gem_index.gem -l 25 -o EColi_str_bw25113_gem_index_25
Submitted job 4 with external jobid '24965405.hpc-pbs1.hpcc.usc.edu'.

rule calc_gem_mappability:
    input: EColi_str_bw25113_gem_index.gem
    output: EColi_str_bw25113_gem_index_45.mappability
    jobid: 5
    wildcards: prefix=EColi_str_bw25113_gem_index, kmer=45
    threads: 16

gem-mappability -T 16 -I EColi_str_bw25113_gem_index.gem -l 45 -o EColi_str_bw25113_gem_index_45
Submitted job 5 with external jobid '24965407.hpc-pbs1.hpcc.usc.edu'.

rule calc_gem_mappability:
    input: EColi_str_bw25113_gem_index.gem
    output: EColi_str_bw25113_gem_index_50.mappability
    jobid: 6
    wildcards: prefix=EColi_str_bw25113_gem_index, kmer=50
    threads: 16

gem-mappability -T 16 -I EColi_str_bw25113_gem_index.gem -l 50 -o EColi_str_bw25113_gem_index_50
Submitted job 6 with external jobid '24965409.hpc-pbs1.hpcc.usc.edu'.

rule calc_gem_mappability:
    input: EColi_str_bw25113_gem_index.gem
    output: EColi_str_bw25113_gem_index_35.mappability
    jobid: 1
    wildcards: prefix=EColi_str_bw25113_gem_index, kmer=35
    threads: 16

gem-mappability -T 16 -I EColi_str_bw25113_gem_index.gem -l 35 -o EColi_str_bw25113_gem_index_35
Submitted job 1 with external jobid '24965411.hpc-pbs1.hpcc.usc.edu'.

rule calc_gem_mappability:
    input: EColi_str_bw25113_gem_index.gem
    output: EColi_str_bw25113_gem_index_20.mappability
    jobid: 13
    wildcards: prefix=EColi_str_bw25113_gem_index, kmer=20
    threads: 16

gem-mappability -T 16 -I EColi_str_bw25113_gem_index.gem -l 20 -o EColi_str_bw25113_gem_index_20
Submitted job 13 with external jobid '24965412.hpc-pbs1.hpcc.usc.edu'.

rule calc_gem_mappability:
    input: EColi_str_bw25113_gem_index.gem
    output: EColi_str_bw25113_gem_index_40.mappability
    jobid: 12
    wildcards: prefix=EColi_str_bw25113_gem_index, kmer=40
    threads: 16

gem-mappability -T 16 -I EColi_str_bw25113_gem_index.gem -l 40 -o EColi_str_bw25113_gem_index_40
Submitted job 12 with external jobid '24965413.hpc-pbs1.hpcc.usc.edu'.
Finished job 8.
1 of 30 steps (3%) done

rule gem_2_wig:
    input: EColi_str_bw25113_gem_index.gem, EColi_str_bw25113_gem_index_30.mappability
    output: wigs/EColi_str_bw25113_gem_index_30.wig
    jobid: 17
    wildcards: prefix=EColi_str_bw25113_gem_index, kmer=30

gem-2-wig -I EColi_str_bw25113_gem_index.gem -i EColi_str_bw25113_gem_index_30.mappability -o wigs/EColi_str_bw25113_gem_index_30
Finished job 6.
2 of 30 steps (7%) done
Finished job 1.
3 of 30 steps (10%) done
Submitted job 17 with external jobid '24965428.hpc-pbs1.hpcc.usc.edu'.
Finished job 12.
4 of 30 steps (13%) done

rule calculate_uniq_mappable:
    input: EColi_str_bw25113_gem_index_30.mappability
    output: EColi_str_bw25113_gem_index_30.uniq.counts
    jobid: 27
    wildcards: prefix=EColi_str_bw25113_gem_index, kmer=30

gawk '{c+=gsub(s,s)}END{print c}' s='!' EColi_str_bw25113_gem_index_30.mappability > EColi_str_bw25113_gem_index_30.uniq.counts
Submitted job 27 with external jobid '24965429.hpc-pbs1.hpcc.usc.edu'.

rule calculate_uniq_mappable:
    input: EColi_str_bw25113_gem_index_50.mappability
    output: EColi_str_bw25113_gem_index_50.uniq.counts
    jobid: 26
    wildcards: prefix=EColi_str_bw25113_gem_index, kmer=50

gawk '{c+=gsub(s,s)}END{print c}' s='!' EColi_str_bw25113_gem_index_50.mappability > EColi_str_bw25113_gem_index_50.uniq.counts
Submitted job 26 with external jobid '24965430.hpc-pbs1.hpcc.usc.edu'.

rule calculate_uniq_mappable:
    input: EColi_str_bw25113_gem_index_35.mappability
    output: EColi_str_bw25113_gem_index_35.uniq.counts
    jobid: 25
    wildcards: prefix=EColi_str_bw25113_gem_index, kmer=35

gawk '{c+=gsub(s,s)}END{print c}' s='!' EColi_str_bw25113_gem_index_35.mappability > EColi_str_bw25113_gem_index_35.uniq.counts
Submitted job 25 with external jobid '24965431.hpc-pbs1.hpcc.usc.edu'.

rule gem_2_wig:
    input: EColi_str_bw25113_gem_index.gem, EColi_str_bw25113_gem_index_50.mappability
    output: wigs/EColi_str_bw25113_gem_index_50.wig
    jobid: 30
    wildcards: prefix=EColi_str_bw25113_gem_index, kmer=50

gem-2-wig -I EColi_str_bw25113_gem_index.gem -i EColi_str_bw25113_gem_index_50.mappability -o wigs/EColi_str_bw25113_gem_index_50
Submitted job 30 with external jobid '24965432.hpc-pbs1.hpcc.usc.edu'.

rule gem_2_wig:
    input: EColi_str_bw25113_gem_index.gem, EColi_str_bw25113_gem_index_35.mappability
    output: wigs/EColi_str_bw25113_gem_index_35.wig
    jobid: 19
    wildcards: prefix=EColi_str_bw25113_gem_index, kmer=35

gem-2-wig -I EColi_str_bw25113_gem_index.gem -i EColi_str_bw25113_gem_index_35.mappability -o wigs/EColi_str_bw25113_gem_index_35
Submitted job 19 with external jobid '24965433.hpc-pbs1.hpcc.usc.edu'.

rule gem_2_wig:
    input: EColi_str_bw25113_gem_index.gem, EColi_str_bw25113_gem_index_40.mappability
    output: wigs/EColi_str_bw25113_gem_index_40.wig
    jobid: 18
    wildcards: prefix=EColi_str_bw25113_gem_index, kmer=40

gem-2-wig -I EColi_str_bw25113_gem_index.gem -i EColi_str_bw25113_gem_index_40.mappability -o wigs/EColi_str_bw25113_gem_index_40
Submitted job 18 with external jobid '24965434.hpc-pbs1.hpcc.usc.edu'.

rule calculate_uniq_mappable:
    input: EColi_str_bw25113_gem_index_40.mappability
    output: EColi_str_bw25113_gem_index_40.uniq.counts
    jobid: 22
    wildcards: prefix=EColi_str_bw25113_gem_index, kmer=40

gawk '{c+=gsub(s,s)}END{print c}' s='!' EColi_str_bw25113_gem_index_40.mappability > EColi_str_bw25113_gem_index_40.uniq.counts
Submitted job 22 with external jobid '24965435.hpc-pbs1.hpcc.usc.edu'.
Finished job 17.
5 of 30 steps (17%) done

rule wig_2_bw:
    input: wigs/EColi_str_bw25113_gem_index_30.wig
    output: bigWigs/EColi_str_bw25113_gem_index_30.bw
    jobid: 2
    wildcards: prefix=EColi_str_bw25113_gem_index, kmer=30

wigToBigWig wigs/EColi_str_bw25113_gem_index_30.wig /home/cmb-panasas2/skchoudh/genomes/EColi_str_bw25113/fasta/Escherichia_coli_bw25113.ASM75055v1.dna.chromosome.Chromosome.sizes bigWigs/EColi_str_bw25113_gem_index_30.bw
Finished job 27.
6 of 30 steps (20%) done
Finished job 26.
7 of 30 steps (23%) done
Submitted job 2 with external jobid '24965444.hpc-pbs1.hpcc.usc.edu'.
Finished job 25.
8 of 30 steps (27%) done
Finished job 30.
9 of 30 steps (30%) done
Finished job 19.
10 of 30 steps (33%) done
Finished job 22.
11 of 30 steps (37%) done

rule wig_2_bw:
    input: wigs/EColi_str_bw25113_gem_index_50.wig
    output: bigWigs/EColi_str_bw25113_gem_index_50.bw
    jobid: 16
    wildcards: prefix=EColi_str_bw25113_gem_index, kmer=50

wigToBigWig wigs/EColi_str_bw25113_gem_index_50.wig /home/cmb-panasas2/skchoudh/genomes/EColi_str_bw25113/fasta/Escherichia_coli_bw25113.ASM75055v1.dna.chromosome.Chromosome.sizes bigWigs/EColi_str_bw25113_gem_index_50.bw
Submitted job 16 with external jobid '24965445.hpc-pbs1.hpcc.usc.edu'.

rule wig_2_bw:
    input: wigs/EColi_str_bw25113_gem_index_35.wig
    output: bigWigs/EColi_str_bw25113_gem_index_35.bw
    jobid: 7
    wildcards: prefix=EColi_str_bw25113_gem_index, kmer=35

wigToBigWig wigs/EColi_str_bw25113_gem_index_35.wig /home/cmb-panasas2/skchoudh/genomes/EColi_str_bw25113/fasta/Escherichia_coli_bw25113.ASM75055v1.dna.chromosome.Chromosome.sizes bigWigs/EColi_str_bw25113_gem_index_35.bw
Submitted job 7 with external jobid '24965446.hpc-pbs1.hpcc.usc.edu'.
Finished job 4.
12 of 30 steps (40%) done

rule calculate_uniq_mappable:
    input: EColi_str_bw25113_gem_index_25.mappability
    output: EColi_str_bw25113_gem_index_25.uniq.counts
    jobid: 21
    wildcards: prefix=EColi_str_bw25113_gem_index, kmer=25

gawk '{c+=gsub(s,s)}END{print c}' s='!' EColi_str_bw25113_gem_index_25.mappability > EColi_str_bw25113_gem_index_25.uniq.counts
Submitted job 21 with external jobid '24965448.hpc-pbs1.hpcc.usc.edu'.

rule gem_2_wig:
    input: EColi_str_bw25113_gem_index.gem, EColi_str_bw25113_gem_index_25.mappability
    output: wigs/EColi_str_bw25113_gem_index_25.wig
    jobid: 20
    wildcards: prefix=EColi_str_bw25113_gem_index, kmer=25

gem-2-wig -I EColi_str_bw25113_gem_index.gem -i EColi_str_bw25113_gem_index_25.mappability -o wigs/EColi_str_bw25113_gem_index_25
Submitted job 20 with external jobid '24965449.hpc-pbs1.hpcc.usc.edu'.
Error in rule wig_2_bw:
    jobid: 2
    output: bigWigs/EColi_str_bw25113_gem_index_30.bw
    cluster_jobid: 24965444.hpc-pbs1.hpcc.usc.edu

Job failed, going on with independent jobs.
Error in rule wig_2_bw:
    jobid: 16
    output: bigWigs/EColi_str_bw25113_gem_index_50.bw
    cluster_jobid: 24965445.hpc-pbs1.hpcc.usc.edu

Job failed, going on with independent jobs.
Error in rule wig_2_bw:
    jobid: 7
    output: bigWigs/EColi_str_bw25113_gem_index_35.bw
    cluster_jobid: 24965446.hpc-pbs1.hpcc.usc.edu

Job failed, going on with independent jobs.
Finished job 21.
13 of 30 steps (43%) done
Finished job 20.
14 of 30 steps (47%) done

rule wig_2_bw:
    input: wigs/EColi_str_bw25113_gem_index_25.wig
    output: bigWigs/EColi_str_bw25113_gem_index_25.bw
    jobid: 9
    wildcards: prefix=EColi_str_bw25113_gem_index, kmer=25

wigToBigWig wigs/EColi_str_bw25113_gem_index_25.wig /home/cmb-panasas2/skchoudh/genomes/EColi_str_bw25113/fasta/Escherichia_coli_bw25113.ASM75055v1.dna.chromosome.Chromosome.sizes bigWigs/EColi_str_bw25113_gem_index_25.bw
Submitted job 9 with external jobid '24965459.hpc-pbs1.hpcc.usc.edu'.
Error in rule wig_2_bw:
    jobid: 9
    output: bigWigs/EColi_str_bw25113_gem_index_25.bw
    cluster_jobid: 24965459.hpc-pbs1.hpcc.usc.edu

Job failed, going on with independent jobs.
Terminating processes on user request.
Will exit after finishing currently running jobs.
Complete log: /panfs/cmb-panasas2/skchoudh/github_projects/calculate_mappability/.snakemake/log/2017-10-18T15:10:37.099949.snakemake.log
