Provided cluster nodes: 100
Provided resources: mem_mb=720000
Job counts:
	count	jobs
	1	all
	6	calc_gem_mappability
	6	calculate_uniq_mappable
	1	create_summary
	6	gem_2_wig
	7	wig_2_bw
	27

rule calc_gem_mappability:
    input: hg38_gem_index.gem
    output: hg38_gem_index_35.mappability
    jobid: 2
    wildcards: prefix=hg38_gem_index, kmer=35
    threads: 16

gem-mappability -T 16 -I hg38_gem_index.gem -l 35 -o hg38_gem_index_35
Submitted job 2 with external jobid '24978797.hpc-pbs1.hpcc.usc.edu'.

rule calc_gem_mappability:
    input: hg38_gem_index.gem
    output: hg38_gem_index_40.mappability
    jobid: 11
    wildcards: prefix=hg38_gem_index, kmer=40
    threads: 16

gem-mappability -T 16 -I hg38_gem_index.gem -l 40 -o hg38_gem_index_40
Submitted job 11 with external jobid '24978798.hpc-pbs1.hpcc.usc.edu'.

rule calc_gem_mappability:
    input: hg38_gem_index.gem
    output: hg38_gem_index_30.mappability
    jobid: 9
    wildcards: prefix=hg38_gem_index, kmer=30
    threads: 16

gem-mappability -T 16 -I hg38_gem_index.gem -l 30 -o hg38_gem_index_30
Submitted job 9 with external jobid '24978799.hpc-pbs1.hpcc.usc.edu'.

rule calc_gem_mappability:
    input: hg38_gem_index.gem
    output: hg38_gem_index_25.mappability
    jobid: 10
    wildcards: prefix=hg38_gem_index, kmer=25
    threads: 16

gem-mappability -T 16 -I hg38_gem_index.gem -l 25 -o hg38_gem_index_25
Submitted job 10 with external jobid '24978800.hpc-pbs1.hpcc.usc.edu'.

rule calc_gem_mappability:
    input: hg38_gem_index.gem
    output: hg38_gem_index_45.mappability
    jobid: 7
    wildcards: prefix=hg38_gem_index, kmer=45
    threads: 16

gem-mappability -T 16 -I hg38_gem_index.gem -l 45 -o hg38_gem_index_45
Submitted job 7 with external jobid '24978801.hpc-pbs1.hpcc.usc.edu'.

rule calc_gem_mappability:
    input: hg38_gem_index.gem
    output: hg38_gem_index_50.mappability
    jobid: 12
    wildcards: prefix=hg38_gem_index, kmer=50
    threads: 16

gem-mappability -T 16 -I hg38_gem_index.gem -l 50 -o hg38_gem_index_50
Submitted job 12 with external jobid '24978802.hpc-pbs1.hpcc.usc.edu'.

rule wig_2_bw:
    input: wigs/hg38_gem_index_20.wig
    output: bigWigs/hg38_gem_index_20.bw
    jobid: 8
    wildcards: prefix=hg38_gem_index, kmer=20

wigToBigWig wigs/hg38_gem_index_20.wig /home/cmb-panasas2/skchoudh/genomes/hg38/fasta/hg38.chrom.sizes bigWigs/hg38_gem_index_20.bw
Submitted job 8 with external jobid '24978803.hpc-pbs1.hpcc.usc.edu'.
Finished job 8.
1 of 27 steps (4%) done
Finished job 12.
2 of 27 steps (7%) done

rule calculate_uniq_mappable:
    input: hg38_gem_index_50.mappability
    output: hg38_gem_index_50.uniq.counts
    jobid: 17
    wildcards: prefix=hg38_gem_index, kmer=50

gawk '{c+=gsub(s,s)}END{print c}' s='!' hg38_gem_index_50.mappability > hg38_gem_index_50.uniq.counts
Submitted job 17 with external jobid '24979602.hpc-pbs1.hpcc.usc.edu'.

rule gem_2_wig:
    input: hg38_gem_index.gem, hg38_gem_index_50.mappability
    output: wigs/hg38_gem_index_50.wig
    jobid: 25
    wildcards: prefix=hg38_gem_index, kmer=50

gem-2-wig -I hg38_gem_index.gem -i hg38_gem_index_50.mappability -o wigs/hg38_gem_index_50
Submitted job 25 with external jobid '24979603.hpc-pbs1.hpcc.usc.edu'.
Finished job 17.
3 of 27 steps (11%) done
Finished job 25.
4 of 27 steps (15%) done

rule wig_2_bw:
    input: wigs/hg38_gem_index_50.wig
    output: bigWigs/hg38_gem_index_50.bw
    jobid: 4
    wildcards: prefix=hg38_gem_index, kmer=50

wigToBigWig wigs/hg38_gem_index_50.wig /home/cmb-panasas2/skchoudh/genomes/hg38/fasta/hg38.chrom.sizes bigWigs/hg38_gem_index_50.bw
Submitted job 4 with external jobid '24979609.hpc-pbs1.hpcc.usc.edu'.
Finished job 4.
5 of 27 steps (19%) done
Finished job 7.
6 of 27 steps (22%) done

rule gem_2_wig:
    input: hg38_gem_index.gem, hg38_gem_index_45.mappability
    output: wigs/hg38_gem_index_45.wig
    jobid: 29
    wildcards: prefix=hg38_gem_index, kmer=45

gem-2-wig -I hg38_gem_index.gem -i hg38_gem_index_45.mappability -o wigs/hg38_gem_index_45
Submitted job 29 with external jobid '24979807.hpc-pbs1.hpcc.usc.edu'.

rule calculate_uniq_mappable:
    input: hg38_gem_index_45.mappability
    output: hg38_gem_index_45.uniq.counts
    jobid: 23
    wildcards: prefix=hg38_gem_index, kmer=45

gawk '{c+=gsub(s,s)}END{print c}' s='!' hg38_gem_index_45.mappability > hg38_gem_index_45.uniq.counts
Submitted job 23 with external jobid '24979808.hpc-pbs1.hpcc.usc.edu'.
Finished job 29.
7 of 27 steps (26%) done

rule wig_2_bw:
    input: wigs/hg38_gem_index_45.wig
    output: bigWigs/hg38_gem_index_45.bw
    jobid: 14
    wildcards: prefix=hg38_gem_index, kmer=45

wigToBigWig wigs/hg38_gem_index_45.wig /home/cmb-panasas2/skchoudh/genomes/hg38/fasta/hg38.chrom.sizes bigWigs/hg38_gem_index_45.bw
Submitted job 14 with external jobid '24980070.hpc-pbs1.hpcc.usc.edu'.
Finished job 23.
8 of 27 steps (30%) done
Finished job 14.
9 of 27 steps (33%) done
Finished job 2.
10 of 27 steps (37%) done

rule calculate_uniq_mappable:
    input: hg38_gem_index_35.mappability
    output: hg38_gem_index_35.uniq.counts
    jobid: 21
    wildcards: prefix=hg38_gem_index, kmer=35

gawk '{c+=gsub(s,s)}END{print c}' s='!' hg38_gem_index_35.mappability > hg38_gem_index_35.uniq.counts
Submitted job 21 with external jobid '24982524.hpc-pbs1.hpcc.usc.edu'.

rule gem_2_wig:
    input: hg38_gem_index.gem, hg38_gem_index_35.mappability
    output: wigs/hg38_gem_index_35.wig
    jobid: 24
    wildcards: prefix=hg38_gem_index, kmer=35

gem-2-wig -I hg38_gem_index.gem -i hg38_gem_index_35.mappability -o wigs/hg38_gem_index_35
Submitted job 24 with external jobid '24982525.hpc-pbs1.hpcc.usc.edu'.
Finished job 21.
11 of 27 steps (41%) done
Finished job 24.
12 of 27 steps (44%) done

rule wig_2_bw:
    input: wigs/hg38_gem_index_35.wig
    output: bigWigs/hg38_gem_index_35.bw
    jobid: 3
    wildcards: prefix=hg38_gem_index, kmer=35

wigToBigWig wigs/hg38_gem_index_35.wig /home/cmb-panasas2/skchoudh/genomes/hg38/fasta/hg38.chrom.sizes bigWigs/hg38_gem_index_35.bw
Submitted job 3 with external jobid '24982528.hpc-pbs1.hpcc.usc.edu'.
Finished job 3.
13 of 27 steps (48%) done
Finished job 10.
14 of 27 steps (52%) done

rule gem_2_wig:
    input: hg38_gem_index.gem, hg38_gem_index_25.mappability
    output: wigs/hg38_gem_index_25.wig
    jobid: 26
    wildcards: prefix=hg38_gem_index, kmer=25

gem-2-wig -I hg38_gem_index.gem -i hg38_gem_index_25.mappability -o wigs/hg38_gem_index_25
Submitted job 26 with external jobid '24984170.hpc-pbs1.hpcc.usc.edu'.

rule calculate_uniq_mappable:
    input: hg38_gem_index_25.mappability
    output: hg38_gem_index_25.uniq.counts
    jobid: 19
    wildcards: prefix=hg38_gem_index, kmer=25

gawk '{c+=gsub(s,s)}END{print c}' s='!' hg38_gem_index_25.mappability > hg38_gem_index_25.uniq.counts
Submitted job 19 with external jobid '24984171.hpc-pbs1.hpcc.usc.edu'.
Finished job 19.
15 of 27 steps (56%) done
Finished job 26.
16 of 27 steps (59%) done

rule wig_2_bw:
    input: wigs/hg38_gem_index_25.wig
    output: bigWigs/hg38_gem_index_25.bw
    jobid: 5
    wildcards: prefix=hg38_gem_index, kmer=25

wigToBigWig wigs/hg38_gem_index_25.wig /home/cmb-panasas2/skchoudh/genomes/hg38/fasta/hg38.chrom.sizes bigWigs/hg38_gem_index_25.bw
Submitted job 5 with external jobid '24984394.hpc-pbs1.hpcc.usc.edu'.
Finished job 5.
17 of 27 steps (63%) done
Terminating processes on user request.
Will exit after finishing currently running jobs.
Removing output files of failed job calc_gem_mappability since they might be corrupted:
hg38_gem_index_30.mappability
Complete log: /panfs/cmb-panasas2/skchoudh/github_projects/calculate_mappability/.snakemake/log/2017-10-21T13:56:05.547188.snakemake.log
