Provided cluster nodes: 100
Provided resources: mem_mb=720000
Job counts:
	count	jobs
	1	all
	7	calc_gem_mappability
	1	create_gem_index
	7	gem_2_wig
	7	wig_2_bw
	23

rule create_gem_index:
    input: /home/cmb-panasas2/skchoudh/genomes/hg38/fasta/hg38.fa
    output: hg38_gem_index.gem
    jobid: 10
    threads: 16

source activate python2 && gem-indexer -T 16 -c dna -i /home/cmb-panasas2/skchoudh/genomes/hg38/fasta/hg38.fa -o hg38_gem_index
Submitted job 10 with external jobid '24952623.hpc-pbs1.hpcc.usc.edu'.
Error in rule create_gem_index:
    jobid: 10
    output: hg38_gem_index.gem
    cluster_jobid: 24952623.hpc-pbs1.hpcc.usc.edu

Job failed, going on with independent jobs.
Exiting because a job execution failed. Look above for error message
Complete log: /panfs/cmb-panasas2/skchoudh/github_projects/calculate_mappability/.snakemake/log/2017-10-17T17:20:41.375849.snakemake.log
