Provided cluster nodes: 100
Provided resources: mem_mb=720000
Job counts:
	count	jobs
	1	all
	2	calc_gem_mappability
	2	calculate_uniq_mappable
	1	create_summary
	2	gem_2_wig
	7	wig_2_bw
	15

rule wig_2_bw:
    input: wigs/EColi_str_bw25113_gem_index_50.wig
    output: bigWigs/EColi_str_bw25113_gem_index_50.bw
    jobid: 6
    wildcards: prefix=EColi_str_bw25113_gem_index, kmer=50

wigToBigWig wigs/EColi_str_bw25113_gem_index_50.wig /home/cmb-panasas2/skchoudh/genomes/EColi_str_bw25113/fasta/Escherichia_coli_bw25113.ASM75055v1.dna.chromosome.Chromosome.sizes bigWigs/EColi_str_bw25113_gem_index_50.bw
Submitted job 6 with external jobid '24967884.hpc-pbs1.hpcc.usc.edu'.

rule calc_gem_mappability:
    input: EColi_str_bw25113_gem_index.gem
    output: EColi_str_bw25113_gem_index_45.mappability
    jobid: 13
    wildcards: prefix=EColi_str_bw25113_gem_index, kmer=45
    threads: 16

gem-mappability -T 16 -I EColi_str_bw25113_gem_index.gem -l 45 -o EColi_str_bw25113_gem_index_45
Submitted job 13 with external jobid '24967885.hpc-pbs1.hpcc.usc.edu'.

rule wig_2_bw:
    input: wigs/EColi_str_bw25113_gem_index_35.wig
    output: bigWigs/EColi_str_bw25113_gem_index_35.bw
    jobid: 9
    wildcards: prefix=EColi_str_bw25113_gem_index, kmer=35

wigToBigWig wigs/EColi_str_bw25113_gem_index_35.wig /home/cmb-panasas2/skchoudh/genomes/EColi_str_bw25113/fasta/Escherichia_coli_bw25113.ASM75055v1.dna.chromosome.Chromosome.sizes bigWigs/EColi_str_bw25113_gem_index_35.bw
Submitted job 9 with external jobid '24967886.hpc-pbs1.hpcc.usc.edu'.

rule wig_2_bw:
    input: wigs/EColi_str_bw25113_gem_index_40.wig
    output: bigWigs/EColi_str_bw25113_gem_index_40.bw
    jobid: 16
    wildcards: prefix=EColi_str_bw25113_gem_index, kmer=40

wigToBigWig wigs/EColi_str_bw25113_gem_index_40.wig /home/cmb-panasas2/skchoudh/genomes/EColi_str_bw25113/fasta/Escherichia_coli_bw25113.ASM75055v1.dna.chromosome.Chromosome.sizes bigWigs/EColi_str_bw25113_gem_index_40.bw
Submitted job 16 with external jobid '24967887.hpc-pbs1.hpcc.usc.edu'.

rule wig_2_bw:
    input: wigs/EColi_str_bw25113_gem_index_30.wig
    output: bigWigs/EColi_str_bw25113_gem_index_30.bw
    jobid: 12
    wildcards: prefix=EColi_str_bw25113_gem_index, kmer=30

wigToBigWig wigs/EColi_str_bw25113_gem_index_30.wig /home/cmb-panasas2/skchoudh/genomes/EColi_str_bw25113/fasta/Escherichia_coli_bw25113.ASM75055v1.dna.chromosome.Chromosome.sizes bigWigs/EColi_str_bw25113_gem_index_30.bw
Submitted job 12 with external jobid '24967888.hpc-pbs1.hpcc.usc.edu'.

rule wig_2_bw:
    input: wigs/EColi_str_bw25113_gem_index_25.wig
    output: bigWigs/EColi_str_bw25113_gem_index_25.bw
    jobid: 15
    wildcards: prefix=EColi_str_bw25113_gem_index, kmer=25

wigToBigWig wigs/EColi_str_bw25113_gem_index_25.wig /home/cmb-panasas2/skchoudh/genomes/EColi_str_bw25113/fasta/Escherichia_coli_bw25113.ASM75055v1.dna.chromosome.Chromosome.sizes bigWigs/EColi_str_bw25113_gem_index_25.bw
Submitted job 15 with external jobid '24967889.hpc-pbs1.hpcc.usc.edu'.

rule calc_gem_mappability:
    input: EColi_str_bw25113_gem_index.gem
    output: EColi_str_bw25113_gem_index_20.mappability
    jobid: 8
    wildcards: prefix=EColi_str_bw25113_gem_index, kmer=20
    threads: 16

gem-mappability -T 16 -I EColi_str_bw25113_gem_index.gem -l 20 -o EColi_str_bw25113_gem_index_20
Submitted job 8 with external jobid '24967890.hpc-pbs1.hpcc.usc.edu'.
Error in rule wig_2_bw:
    jobid: 9
    output: bigWigs/EColi_str_bw25113_gem_index_35.bw
    cluster_jobid: 24967886.hpc-pbs1.hpcc.usc.edu

Job failed, going on with independent jobs.
Error in rule wig_2_bw:
    jobid: 16
    output: bigWigs/EColi_str_bw25113_gem_index_40.bw
    cluster_jobid: 24967887.hpc-pbs1.hpcc.usc.edu

Job failed, going on with independent jobs.
Error in rule wig_2_bw:
    jobid: 12
    output: bigWigs/EColi_str_bw25113_gem_index_30.bw
    cluster_jobid: 24967888.hpc-pbs1.hpcc.usc.edu

Job failed, going on with independent jobs.
Error in rule wig_2_bw:
    jobid: 15
    output: bigWigs/EColi_str_bw25113_gem_index_25.bw
    cluster_jobid: 24967889.hpc-pbs1.hpcc.usc.edu

Job failed, going on with independent jobs.
Error in rule wig_2_bw:
    jobid: 6
    output: bigWigs/EColi_str_bw25113_gem_index_50.bw
    cluster_jobid: 24967884.hpc-pbs1.hpcc.usc.edu

Job failed, going on with independent jobs.
Finished job 8.
1 of 15 steps (7%) done

rule gem_2_wig:
    input: EColi_str_bw25113_gem_index.gem, EColi_str_bw25113_gem_index_20.mappability
    output: wigs/EColi_str_bw25113_gem_index_20.wig
    jobid: 17
    wildcards: prefix=EColi_str_bw25113_gem_index, kmer=20

gem-2-wig -I EColi_str_bw25113_gem_index.gem -i EColi_str_bw25113_gem_index_20.mappability -o wigs/EColi_str_bw25113_gem_index_20
Submitted job 17 with external jobid '24967893.hpc-pbs1.hpcc.usc.edu'.

rule calculate_uniq_mappable:
    input: EColi_str_bw25113_gem_index_20.mappability
    output: EColi_str_bw25113_gem_index_20.uniq.counts
    jobid: 25
    wildcards: prefix=EColi_str_bw25113_gem_index, kmer=20

gawk '{c+=gsub(s,s)}END{print c}' s='!' EColi_str_bw25113_gem_index_20.mappability > EColi_str_bw25113_gem_index_20.uniq.counts
Submitted job 25 with external jobid '24967894.hpc-pbs1.hpcc.usc.edu'.
Finished job 13.
2 of 15 steps (13%) done

rule gem_2_wig:
    input: EColi_str_bw25113_gem_index.gem, EColi_str_bw25113_gem_index_45.mappability
    output: wigs/EColi_str_bw25113_gem_index_45.wig
    jobid: 18
    wildcards: prefix=EColi_str_bw25113_gem_index, kmer=45

gem-2-wig -I EColi_str_bw25113_gem_index.gem -i EColi_str_bw25113_gem_index_45.mappability -o wigs/EColi_str_bw25113_gem_index_45
Submitted job 18 with external jobid '24967895.hpc-pbs1.hpcc.usc.edu'.

rule calculate_uniq_mappable:
    input: EColi_str_bw25113_gem_index_45.mappability
    output: EColi_str_bw25113_gem_index_45.uniq.counts
    jobid: 24
    wildcards: prefix=EColi_str_bw25113_gem_index, kmer=45

gawk '{c+=gsub(s,s)}END{print c}' s='!' EColi_str_bw25113_gem_index_45.mappability > EColi_str_bw25113_gem_index_45.uniq.counts
Submitted job 24 with external jobid '24967896.hpc-pbs1.hpcc.usc.edu'.
Finished job 17.
3 of 15 steps (20%) done

rule wig_2_bw:
    input: wigs/EColi_str_bw25113_gem_index_20.wig
    output: bigWigs/EColi_str_bw25113_gem_index_20.bw
    jobid: 4
    wildcards: prefix=EColi_str_bw25113_gem_index, kmer=20

wigToBigWig wigs/EColi_str_bw25113_gem_index_20.wig /home/cmb-panasas2/skchoudh/genomes/EColi_str_bw25113/fasta/Escherichia_coli_bw25113.ASM75055v1.dna.chromosome.Chromosome.sizes bigWigs/EColi_str_bw25113_gem_index_20.bw
Finished job 25.
4 of 15 steps (27%) done
Finished job 18.
5 of 15 steps (33%) done
Submitted job 4 with external jobid '24967898.hpc-pbs1.hpcc.usc.edu'.
Finished job 24.
6 of 15 steps (40%) done

rule create_summary:
    input: EColi_str_bw25113_gem_index_20.uniq.counts, EColi_str_bw25113_gem_index_25.uniq.counts, EColi_str_bw25113_gem_index_30.uniq.counts, EColi_str_bw25113_gem_index_35.uniq.counts, EColi_str_bw25113_gem_index_40.uniq.counts, EColi_str_bw25113_gem_index_45.uniq.counts, EColi_str_bw25113_gem_index_50.uniq.counts
    output: summary_counts.tsv
    jobid: 10

Submitted job 10 with external jobid '24967899.hpc-pbs1.hpcc.usc.edu'.

rule wig_2_bw:
    input: wigs/EColi_str_bw25113_gem_index_45.wig
    output: bigWigs/EColi_str_bw25113_gem_index_45.bw
    jobid: 5
    wildcards: prefix=EColi_str_bw25113_gem_index, kmer=45

wigToBigWig wigs/EColi_str_bw25113_gem_index_45.wig /home/cmb-panasas2/skchoudh/genomes/EColi_str_bw25113/fasta/Escherichia_coli_bw25113.ASM75055v1.dna.chromosome.Chromosome.sizes bigWigs/EColi_str_bw25113_gem_index_45.bw
Submitted job 5 with external jobid '24967900.hpc-pbs1.hpcc.usc.edu'.
Error in rule wig_2_bw:
    jobid: 4
    output: bigWigs/EColi_str_bw25113_gem_index_20.bw
    cluster_jobid: 24967898.hpc-pbs1.hpcc.usc.edu

Job failed, going on with independent jobs.
Error in rule wig_2_bw:
    jobid: 5
    output: bigWigs/EColi_str_bw25113_gem_index_45.bw
    cluster_jobid: 24967900.hpc-pbs1.hpcc.usc.edu

Job failed, going on with independent jobs.
Terminating processes on user request.
Will exit after finishing currently running jobs.
Removing output files of failed job create_summary since they might be corrupted:
summary_counts.tsv
Complete log: /panfs/cmb-panasas2/skchoudh/github_projects/calculate_mappability/.snakemake/log/2017-10-19T03:35:01.580643.snakemake.log
