Provided cluster nodes: 100
Provided resources: mem_mb=720000
Job counts:
	count	jobs
	1	all
	7	calc_gem_mappability
	7	calculate_uniq_mappable
	1	create_summary
	7	gem_2_wig
	7	wig_2_bw
	30

rule calc_gem_mappability:
    input: C_albicans_SC5314_version_A22-s07-m01-r27_gem_index.gem
    output: C_albicans_SC5314_version_A22-s07-m01-r27_gem_index_40.mappability
    jobid: 6
    wildcards: prefix=C_albicans_SC5314_version_A22-s07-m01-r27_gem_index, kmer=40
    threads: 16

gem-mappability -T 16 -I C_albicans_SC5314_version_A22-s07-m01-r27_gem_index.gem -l 40 -o C_albicans_SC5314_version_A22-s07-m01-r27_gem_index_40
Submitted job 6 with external jobid '24965418.hpc-pbs1.hpcc.usc.edu'.

rule calc_gem_mappability:
    input: C_albicans_SC5314_version_A22-s07-m01-r27_gem_index.gem
    output: C_albicans_SC5314_version_A22-s07-m01-r27_gem_index_25.mappability
    jobid: 7
    wildcards: prefix=C_albicans_SC5314_version_A22-s07-m01-r27_gem_index, kmer=25
    threads: 16

gem-mappability -T 16 -I C_albicans_SC5314_version_A22-s07-m01-r27_gem_index.gem -l 25 -o C_albicans_SC5314_version_A22-s07-m01-r27_gem_index_25
Submitted job 7 with external jobid '24965419.hpc-pbs1.hpcc.usc.edu'.

rule calc_gem_mappability:
    input: C_albicans_SC5314_version_A22-s07-m01-r27_gem_index.gem
    output: C_albicans_SC5314_version_A22-s07-m01-r27_gem_index_50.mappability
    jobid: 5
    wildcards: prefix=C_albicans_SC5314_version_A22-s07-m01-r27_gem_index, kmer=50
    threads: 16

gem-mappability -T 16 -I C_albicans_SC5314_version_A22-s07-m01-r27_gem_index.gem -l 50 -o C_albicans_SC5314_version_A22-s07-m01-r27_gem_index_50
Submitted job 5 with external jobid '24965420.hpc-pbs1.hpcc.usc.edu'.

rule calc_gem_mappability:
    input: C_albicans_SC5314_version_A22-s07-m01-r27_gem_index.gem
    output: C_albicans_SC5314_version_A22-s07-m01-r27_gem_index_45.mappability
    jobid: 2
    wildcards: prefix=C_albicans_SC5314_version_A22-s07-m01-r27_gem_index, kmer=45
    threads: 16

gem-mappability -T 16 -I C_albicans_SC5314_version_A22-s07-m01-r27_gem_index.gem -l 45 -o C_albicans_SC5314_version_A22-s07-m01-r27_gem_index_45
Submitted job 2 with external jobid '24965421.hpc-pbs1.hpcc.usc.edu'.

rule calc_gem_mappability:
    input: C_albicans_SC5314_version_A22-s07-m01-r27_gem_index.gem
    output: C_albicans_SC5314_version_A22-s07-m01-r27_gem_index_35.mappability
    jobid: 13
    wildcards: prefix=C_albicans_SC5314_version_A22-s07-m01-r27_gem_index, kmer=35
    threads: 16

gem-mappability -T 16 -I C_albicans_SC5314_version_A22-s07-m01-r27_gem_index.gem -l 35 -o C_albicans_SC5314_version_A22-s07-m01-r27_gem_index_35
Submitted job 13 with external jobid '24965422.hpc-pbs1.hpcc.usc.edu'.

rule calc_gem_mappability:
    input: C_albicans_SC5314_version_A22-s07-m01-r27_gem_index.gem
    output: C_albicans_SC5314_version_A22-s07-m01-r27_gem_index_30.mappability
    jobid: 12
    wildcards: prefix=C_albicans_SC5314_version_A22-s07-m01-r27_gem_index, kmer=30
    threads: 16

gem-mappability -T 16 -I C_albicans_SC5314_version_A22-s07-m01-r27_gem_index.gem -l 30 -o C_albicans_SC5314_version_A22-s07-m01-r27_gem_index_30
Submitted job 12 with external jobid '24965423.hpc-pbs1.hpcc.usc.edu'.

rule calc_gem_mappability:
    input: C_albicans_SC5314_version_A22-s07-m01-r27_gem_index.gem
    output: C_albicans_SC5314_version_A22-s07-m01-r27_gem_index_20.mappability
    jobid: 11
    wildcards: prefix=C_albicans_SC5314_version_A22-s07-m01-r27_gem_index, kmer=20
    threads: 16

gem-mappability -T 16 -I C_albicans_SC5314_version_A22-s07-m01-r27_gem_index.gem -l 20 -o C_albicans_SC5314_version_A22-s07-m01-r27_gem_index_20
Submitted job 11 with external jobid '24965424.hpc-pbs1.hpcc.usc.edu'.
Finished job 11.
1 of 30 steps (3%) done

rule gem_2_wig:
    input: C_albicans_SC5314_version_A22-s07-m01-r27_gem_index.gem, C_albicans_SC5314_version_A22-s07-m01-r27_gem_index_20.mappability
    output: wigs/C_albicans_SC5314_version_A22-s07-m01-r27_gem_index_20.wig
    jobid: 18
    wildcards: prefix=C_albicans_SC5314_version_A22-s07-m01-r27_gem_index, kmer=20

gem-2-wig -I C_albicans_SC5314_version_A22-s07-m01-r27_gem_index.gem -i C_albicans_SC5314_version_A22-s07-m01-r27_gem_index_20.mappability -o wigs/C_albicans_SC5314_version_A22-s07-m01-r27_gem_index_20
Submitted job 18 with external jobid '24965440.hpc-pbs1.hpcc.usc.edu'.

rule calculate_uniq_mappable:
    input: C_albicans_SC5314_version_A22-s07-m01-r27_gem_index_20.mappability
    output: C_albicans_SC5314_version_A22-s07-m01-r27_gem_index_20.uniq.counts
    jobid: 21
    wildcards: prefix=C_albicans_SC5314_version_A22-s07-m01-r27_gem_index, kmer=20

gawk '{c+=gsub(s,s)}END{print c}' s='!' C_albicans_SC5314_version_A22-s07-m01-r27_gem_index_20.mappability > C_albicans_SC5314_version_A22-s07-m01-r27_gem_index_20.uniq.counts
Submitted job 21 with external jobid '24965441.hpc-pbs1.hpcc.usc.edu'.
Finished job 6.
2 of 30 steps (7%) done

rule gem_2_wig:
    input: C_albicans_SC5314_version_A22-s07-m01-r27_gem_index.gem, C_albicans_SC5314_version_A22-s07-m01-r27_gem_index_40.mappability
    output: wigs/C_albicans_SC5314_version_A22-s07-m01-r27_gem_index_40.wig
    jobid: 17
    wildcards: prefix=C_albicans_SC5314_version_A22-s07-m01-r27_gem_index, kmer=40

gem-2-wig -I C_albicans_SC5314_version_A22-s07-m01-r27_gem_index.gem -i C_albicans_SC5314_version_A22-s07-m01-r27_gem_index_40.mappability -o wigs/C_albicans_SC5314_version_A22-s07-m01-r27_gem_index_40
Finished job 5.
3 of 30 steps (10%) done
Finished job 2.
4 of 30 steps (13%) done
Finished job 13.
5 of 30 steps (17%) done
Finished job 18.
6 of 30 steps (20%) done
Finished job 21.
7 of 30 steps (23%) done
Submitted job 17 with external jobid '24965450.hpc-pbs1.hpcc.usc.edu'.

rule calculate_uniq_mappable:
    input: C_albicans_SC5314_version_A22-s07-m01-r27_gem_index_40.mappability
    output: C_albicans_SC5314_version_A22-s07-m01-r27_gem_index_40.uniq.counts
    jobid: 22
    wildcards: prefix=C_albicans_SC5314_version_A22-s07-m01-r27_gem_index, kmer=40

gawk '{c+=gsub(s,s)}END{print c}' s='!' C_albicans_SC5314_version_A22-s07-m01-r27_gem_index_40.mappability > C_albicans_SC5314_version_A22-s07-m01-r27_gem_index_40.uniq.counts
Submitted job 22 with external jobid '24965451.hpc-pbs1.hpcc.usc.edu'.

rule gem_2_wig:
    input: C_albicans_SC5314_version_A22-s07-m01-r27_gem_index.gem, C_albicans_SC5314_version_A22-s07-m01-r27_gem_index_35.mappability
    output: wigs/C_albicans_SC5314_version_A22-s07-m01-r27_gem_index_35.wig
    jobid: 29
    wildcards: prefix=C_albicans_SC5314_version_A22-s07-m01-r27_gem_index, kmer=35

gem-2-wig -I C_albicans_SC5314_version_A22-s07-m01-r27_gem_index.gem -i C_albicans_SC5314_version_A22-s07-m01-r27_gem_index_35.mappability -o wigs/C_albicans_SC5314_version_A22-s07-m01-r27_gem_index_35
Submitted job 29 with external jobid '24965452.hpc-pbs1.hpcc.usc.edu'.

rule wig_2_bw:
    input: wigs/C_albicans_SC5314_version_A22-s07-m01-r27_gem_index_20.wig
    output: bigWigs/C_albicans_SC5314_version_A22-s07-m01-r27_gem_index_20.bw
    jobid: 3
    wildcards: prefix=C_albicans_SC5314_version_A22-s07-m01-r27_gem_index, kmer=20

wigToBigWig wigs/C_albicans_SC5314_version_A22-s07-m01-r27_gem_index_20.wig /home/cmb-panasas2/skchoudh/genomes/C_albicans_SC5314/Assembly22/fasta/C_albicans_SC5314_version_A22-s07-m01-r27_chromosomes.sizes bigWigs/C_albicans_SC5314_version_A22-s07-m01-r27_gem_index_20.bw
Submitted job 3 with external jobid '24965453.hpc-pbs1.hpcc.usc.edu'.

rule gem_2_wig:
    input: C_albicans_SC5314_version_A22-s07-m01-r27_gem_index.gem, C_albicans_SC5314_version_A22-s07-m01-r27_gem_index_50.mappability
    output: wigs/C_albicans_SC5314_version_A22-s07-m01-r27_gem_index_50.wig
    jobid: 28
    wildcards: prefix=C_albicans_SC5314_version_A22-s07-m01-r27_gem_index, kmer=50

gem-2-wig -I C_albicans_SC5314_version_A22-s07-m01-r27_gem_index.gem -i C_albicans_SC5314_version_A22-s07-m01-r27_gem_index_50.mappability -o wigs/C_albicans_SC5314_version_A22-s07-m01-r27_gem_index_50
Submitted job 28 with external jobid '24965454.hpc-pbs1.hpcc.usc.edu'.

rule calculate_uniq_mappable:
    input: C_albicans_SC5314_version_A22-s07-m01-r27_gem_index_45.mappability
    output: C_albicans_SC5314_version_A22-s07-m01-r27_gem_index_45.uniq.counts
    jobid: 23
    wildcards: prefix=C_albicans_SC5314_version_A22-s07-m01-r27_gem_index, kmer=45

gawk '{c+=gsub(s,s)}END{print c}' s='!' C_albicans_SC5314_version_A22-s07-m01-r27_gem_index_45.mappability > C_albicans_SC5314_version_A22-s07-m01-r27_gem_index_45.uniq.counts
Submitted job 23 with external jobid '24965455.hpc-pbs1.hpcc.usc.edu'.

rule calculate_uniq_mappable:
    input: C_albicans_SC5314_version_A22-s07-m01-r27_gem_index_50.mappability
    output: C_albicans_SC5314_version_A22-s07-m01-r27_gem_index_50.uniq.counts
    jobid: 24
    wildcards: prefix=C_albicans_SC5314_version_A22-s07-m01-r27_gem_index, kmer=50

gawk '{c+=gsub(s,s)}END{print c}' s='!' C_albicans_SC5314_version_A22-s07-m01-r27_gem_index_50.mappability > C_albicans_SC5314_version_A22-s07-m01-r27_gem_index_50.uniq.counts
Submitted job 24 with external jobid '24965456.hpc-pbs1.hpcc.usc.edu'.

rule gem_2_wig:
    input: C_albicans_SC5314_version_A22-s07-m01-r27_gem_index.gem, C_albicans_SC5314_version_A22-s07-m01-r27_gem_index_45.mappability
    output: wigs/C_albicans_SC5314_version_A22-s07-m01-r27_gem_index_45.wig
    jobid: 26
    wildcards: prefix=C_albicans_SC5314_version_A22-s07-m01-r27_gem_index, kmer=45

gem-2-wig -I C_albicans_SC5314_version_A22-s07-m01-r27_gem_index.gem -i C_albicans_SC5314_version_A22-s07-m01-r27_gem_index_45.mappability -o wigs/C_albicans_SC5314_version_A22-s07-m01-r27_gem_index_45
Submitted job 26 with external jobid '24965457.hpc-pbs1.hpcc.usc.edu'.

rule calculate_uniq_mappable:
    input: C_albicans_SC5314_version_A22-s07-m01-r27_gem_index_35.mappability
    output: C_albicans_SC5314_version_A22-s07-m01-r27_gem_index_35.uniq.counts
    jobid: 19
    wildcards: prefix=C_albicans_SC5314_version_A22-s07-m01-r27_gem_index, kmer=35

gawk '{c+=gsub(s,s)}END{print c}' s='!' C_albicans_SC5314_version_A22-s07-m01-r27_gem_index_35.mappability > C_albicans_SC5314_version_A22-s07-m01-r27_gem_index_35.uniq.counts
Submitted job 19 with external jobid '24965458.hpc-pbs1.hpcc.usc.edu'.
Finished job 17.
8 of 30 steps (27%) done

rule wig_2_bw:
    input: wigs/C_albicans_SC5314_version_A22-s07-m01-r27_gem_index_40.wig
    output: bigWigs/C_albicans_SC5314_version_A22-s07-m01-r27_gem_index_40.bw
    jobid: 1
    wildcards: prefix=C_albicans_SC5314_version_A22-s07-m01-r27_gem_index, kmer=40

wigToBigWig wigs/C_albicans_SC5314_version_A22-s07-m01-r27_gem_index_40.wig /home/cmb-panasas2/skchoudh/genomes/C_albicans_SC5314/Assembly22/fasta/C_albicans_SC5314_version_A22-s07-m01-r27_chromosomes.sizes bigWigs/C_albicans_SC5314_version_A22-s07-m01-r27_gem_index_40.bw
Finished job 22.
9 of 30 steps (30%) done
Finished job 29.
10 of 30 steps (33%) done
Submitted job 1 with external jobid '24965461.hpc-pbs1.hpcc.usc.edu'.
Error in rule wig_2_bw:
    jobid: 3
    output: bigWigs/C_albicans_SC5314_version_A22-s07-m01-r27_gem_index_20.bw
    cluster_jobid: 24965453.hpc-pbs1.hpcc.usc.edu

Job failed, going on with independent jobs.
Finished job 28.
11 of 30 steps (37%) done
Finished job 23.
12 of 30 steps (40%) done
Finished job 24.
13 of 30 steps (43%) done
Finished job 26.
14 of 30 steps (47%) done
Finished job 19.
15 of 30 steps (50%) done

rule wig_2_bw:
    input: wigs/C_albicans_SC5314_version_A22-s07-m01-r27_gem_index_45.wig
    output: bigWigs/C_albicans_SC5314_version_A22-s07-m01-r27_gem_index_45.bw
    jobid: 8
    wildcards: prefix=C_albicans_SC5314_version_A22-s07-m01-r27_gem_index, kmer=45

wigToBigWig wigs/C_albicans_SC5314_version_A22-s07-m01-r27_gem_index_45.wig /home/cmb-panasas2/skchoudh/genomes/C_albicans_SC5314/Assembly22/fasta/C_albicans_SC5314_version_A22-s07-m01-r27_chromosomes.sizes bigWigs/C_albicans_SC5314_version_A22-s07-m01-r27_gem_index_45.bw
Submitted job 8 with external jobid '24965462.hpc-pbs1.hpcc.usc.edu'.

rule wig_2_bw:
    input: wigs/C_albicans_SC5314_version_A22-s07-m01-r27_gem_index_50.wig
    output: bigWigs/C_albicans_SC5314_version_A22-s07-m01-r27_gem_index_50.bw
    jobid: 14
    wildcards: prefix=C_albicans_SC5314_version_A22-s07-m01-r27_gem_index, kmer=50

wigToBigWig wigs/C_albicans_SC5314_version_A22-s07-m01-r27_gem_index_50.wig /home/cmb-panasas2/skchoudh/genomes/C_albicans_SC5314/Assembly22/fasta/C_albicans_SC5314_version_A22-s07-m01-r27_chromosomes.sizes bigWigs/C_albicans_SC5314_version_A22-s07-m01-r27_gem_index_50.bw
Submitted job 14 with external jobid '24965463.hpc-pbs1.hpcc.usc.edu'.

rule wig_2_bw:
    input: wigs/C_albicans_SC5314_version_A22-s07-m01-r27_gem_index_35.wig
    output: bigWigs/C_albicans_SC5314_version_A22-s07-m01-r27_gem_index_35.bw
    jobid: 15
    wildcards: prefix=C_albicans_SC5314_version_A22-s07-m01-r27_gem_index, kmer=35

wigToBigWig wigs/C_albicans_SC5314_version_A22-s07-m01-r27_gem_index_35.wig /home/cmb-panasas2/skchoudh/genomes/C_albicans_SC5314/Assembly22/fasta/C_albicans_SC5314_version_A22-s07-m01-r27_chromosomes.sizes bigWigs/C_albicans_SC5314_version_A22-s07-m01-r27_gem_index_35.bw
Submitted job 15 with external jobid '24965464.hpc-pbs1.hpcc.usc.edu'.
Error in rule wig_2_bw:
    jobid: 1
    output: bigWigs/C_albicans_SC5314_version_A22-s07-m01-r27_gem_index_40.bw
    cluster_jobid: 24965461.hpc-pbs1.hpcc.usc.edu

Job failed, going on with independent jobs.
Error in rule wig_2_bw:
    jobid: 15
    output: bigWigs/C_albicans_SC5314_version_A22-s07-m01-r27_gem_index_35.bw
    cluster_jobid: 24965464.hpc-pbs1.hpcc.usc.edu

Job failed, going on with independent jobs.
Finished job 7.
16 of 30 steps (53%) done

rule calculate_uniq_mappable:
    input: C_albicans_SC5314_version_A22-s07-m01-r27_gem_index_25.mappability
    output: C_albicans_SC5314_version_A22-s07-m01-r27_gem_index_25.uniq.counts
    jobid: 25
    wildcards: prefix=C_albicans_SC5314_version_A22-s07-m01-r27_gem_index, kmer=25

gawk '{c+=gsub(s,s)}END{print c}' s='!' C_albicans_SC5314_version_A22-s07-m01-r27_gem_index_25.mappability > C_albicans_SC5314_version_A22-s07-m01-r27_gem_index_25.uniq.counts
Submitted job 25 with external jobid '24965508.hpc-pbs1.hpcc.usc.edu'.

rule gem_2_wig:
    input: C_albicans_SC5314_version_A22-s07-m01-r27_gem_index.gem, C_albicans_SC5314_version_A22-s07-m01-r27_gem_index_25.mappability
    output: wigs/C_albicans_SC5314_version_A22-s07-m01-r27_gem_index_25.wig
    jobid: 30
    wildcards: prefix=C_albicans_SC5314_version_A22-s07-m01-r27_gem_index, kmer=25

gem-2-wig -I C_albicans_SC5314_version_A22-s07-m01-r27_gem_index.gem -i C_albicans_SC5314_version_A22-s07-m01-r27_gem_index_25.mappability -o wigs/C_albicans_SC5314_version_A22-s07-m01-r27_gem_index_25
Submitted job 30 with external jobid '24965509.hpc-pbs1.hpcc.usc.edu'.
Finished job 25.
17 of 30 steps (57%) done
Finished job 30.
18 of 30 steps (60%) done

rule wig_2_bw:
    input: wigs/C_albicans_SC5314_version_A22-s07-m01-r27_gem_index_25.wig
    output: bigWigs/C_albicans_SC5314_version_A22-s07-m01-r27_gem_index_25.bw
    jobid: 16
    wildcards: prefix=C_albicans_SC5314_version_A22-s07-m01-r27_gem_index, kmer=25

wigToBigWig wigs/C_albicans_SC5314_version_A22-s07-m01-r27_gem_index_25.wig /home/cmb-panasas2/skchoudh/genomes/C_albicans_SC5314/Assembly22/fasta/C_albicans_SC5314_version_A22-s07-m01-r27_chromosomes.sizes bigWigs/C_albicans_SC5314_version_A22-s07-m01-r27_gem_index_25.bw
Submitted job 16 with external jobid '24965511.hpc-pbs1.hpcc.usc.edu'.
Error in rule wig_2_bw:
    jobid: 16
    output: bigWigs/C_albicans_SC5314_version_A22-s07-m01-r27_gem_index_25.bw
    cluster_jobid: 24965511.hpc-pbs1.hpcc.usc.edu

Job failed, going on with independent jobs.
Finished job 12.
19 of 30 steps (63%) done

rule gem_2_wig:
    input: C_albicans_SC5314_version_A22-s07-m01-r27_gem_index.gem, C_albicans_SC5314_version_A22-s07-m01-r27_gem_index_30.mappability
    output: wigs/C_albicans_SC5314_version_A22-s07-m01-r27_gem_index_30.wig
    jobid: 27
    wildcards: prefix=C_albicans_SC5314_version_A22-s07-m01-r27_gem_index, kmer=30

gem-2-wig -I C_albicans_SC5314_version_A22-s07-m01-r27_gem_index.gem -i C_albicans_SC5314_version_A22-s07-m01-r27_gem_index_30.mappability -o wigs/C_albicans_SC5314_version_A22-s07-m01-r27_gem_index_30
Submitted job 27 with external jobid '24965586.hpc-pbs1.hpcc.usc.edu'.

rule calculate_uniq_mappable:
    input: C_albicans_SC5314_version_A22-s07-m01-r27_gem_index_30.mappability
    output: C_albicans_SC5314_version_A22-s07-m01-r27_gem_index_30.uniq.counts
    jobid: 20
    wildcards: prefix=C_albicans_SC5314_version_A22-s07-m01-r27_gem_index, kmer=30

gawk '{c+=gsub(s,s)}END{print c}' s='!' C_albicans_SC5314_version_A22-s07-m01-r27_gem_index_30.mappability > C_albicans_SC5314_version_A22-s07-m01-r27_gem_index_30.uniq.counts
Submitted job 20 with external jobid '24965587.hpc-pbs1.hpcc.usc.edu'.
Finished job 27.
20 of 30 steps (67%) done

rule wig_2_bw:
    input: wigs/C_albicans_SC5314_version_A22-s07-m01-r27_gem_index_30.wig
    output: bigWigs/C_albicans_SC5314_version_A22-s07-m01-r27_gem_index_30.bw
    jobid: 9
    wildcards: prefix=C_albicans_SC5314_version_A22-s07-m01-r27_gem_index, kmer=30

wigToBigWig wigs/C_albicans_SC5314_version_A22-s07-m01-r27_gem_index_30.wig /home/cmb-panasas2/skchoudh/genomes/C_albicans_SC5314/Assembly22/fasta/C_albicans_SC5314_version_A22-s07-m01-r27_chromosomes.sizes bigWigs/C_albicans_SC5314_version_A22-s07-m01-r27_gem_index_30.bw
Finished job 20.
21 of 30 steps (70%) done
Submitted job 9 with external jobid '24965641.hpc-pbs1.hpcc.usc.edu'.

rule create_summary:
    input: C_albicans_SC5314_version_A22-s07-m01-r27_gem_index_20.uniq.counts, C_albicans_SC5314_version_A22-s07-m01-r27_gem_index_25.uniq.counts, C_albicans_SC5314_version_A22-s07-m01-r27_gem_index_30.uniq.counts, C_albicans_SC5314_version_A22-s07-m01-r27_gem_index_35.uniq.counts, C_albicans_SC5314_version_A22-s07-m01-r27_gem_index_40.uniq.counts, C_albicans_SC5314_version_A22-s07-m01-r27_gem_index_45.uniq.counts, C_albicans_SC5314_version_A22-s07-m01-r27_gem_index_50.uniq.counts
    output: summary_counts.tsv
    jobid: 4

Submitted job 4 with external jobid '24965642.hpc-pbs1.hpcc.usc.edu'.
Error in rule wig_2_bw:
    jobid: 9
    output: bigWigs/C_albicans_SC5314_version_A22-s07-m01-r27_gem_index_30.bw
    cluster_jobid: 24965641.hpc-pbs1.hpcc.usc.edu

Job failed, going on with independent jobs.
Error in rule create_summary:
    jobid: 4
    output: summary_counts.tsv
    cluster_jobid: 24965642.hpc-pbs1.hpcc.usc.edu

Job failed, going on with independent jobs.
Terminating processes on user request.
Will exit after finishing currently running jobs.
Complete log: /panfs/cmb-panasas2/skchoudh/github_projects/calculate_mappability/.snakemake/log/2017-10-18T15:12:35.142106.snakemake.log
