Provided cluster nodes: 100
Provided resources: mem_mb=720000
Job counts:
	count	jobs
	1	all
	2	calc_gem_mappability
	2	calculate_uniq_mappable
	1	create_summary
	2	gem_2_wig
	2	wig_2_bw
	10

rule calc_gem_mappability:
    input: hg38_gem_index.gem
    output: hg38_gem_index_30.mappability
    jobid: 12
    wildcards: prefix=hg38_gem_index, kmer=30
    threads: 23

gem-mappability -T 23 -I hg38_gem_index.gem -l 30 -o hg38_gem_index_30
Submitted job 12 with external jobid '24998237.hpc-pbs1.hpcc.usc.edu'.

rule calc_gem_mappability:
    input: hg38_gem_index.gem
    output: hg38_gem_index_40.mappability
    jobid: 4
    wildcards: prefix=hg38_gem_index, kmer=40
    threads: 23

gem-mappability -T 23 -I hg38_gem_index.gem -l 40 -o hg38_gem_index_40
Submitted job 4 with external jobid '24998238.hpc-pbs1.hpcc.usc.edu'.
Error in rule calc_gem_mappability:
    jobid: 4
    output: hg38_gem_index_40.mappability
    cluster_jobid: 24998238.hpc-pbs1.hpcc.usc.edu

Job failed, going on with independent jobs.
Terminating processes on user request.
Will exit after finishing currently running jobs.
Removing output files of failed job calc_gem_mappability since they might be corrupted:
hg38_gem_index_30.mappability
Complete log: /panfs/cmb-panasas2/skchoudh/github_projects/calculate_mappability/.snakemake/log/2017-10-25T14:49:47.836755.snakemake.log
